<?xml version="1.0" encoding="UTF-8"?>
<robot generator="Robot 6.0.1 (Python 3.11.1 on win32)" generated="20230105 15:25:04.288" rpa="false" schemaversion="3">
<suite id="s1" name="UserStories1 &amp; UserStories2 &amp; UserStories3 &amp; UserStories4 &amp; UserStories5">
<suite id="s1-s1" name="UserStories1" source="C:\Users\dlimt\OneDrive\Desktop\For Toppan\TestCases\UserStories1.robot">
<test id="s1-s1-t1" name="Missing Natid" line="14">
<kw name="Create Session" library="RequestsLibrary" type="SETUP">
<arg>mysession</arg>
<arg>${base_url}</arg>
<doc>Create Session: create a HTTP session to a server</doc>
<msg timestamp="20230105 15:25:04.341" level="INFO">Creating Session using : alias=mysession, url=http://localhost:8080, headers={},                     cookies={}, auth=None, timeout=None, proxies=None, verify=False,                     debug=0 </msg>
<status status="PASS" starttime="20230105 15:25:04.341" endtime="20230105 15:25:04.341"/>
</kw>
<kw name="Create Dictionary" library="BuiltIn">
<var>${body}</var>
<arg>name=super man</arg>
<arg>gender=m</arg>
<arg>birthday=01012001</arg>
<arg>salary=1000</arg>
<arg>tax=0</arg>
<doc>Creates and returns a dictionary based on the given ``items``.</doc>
<msg timestamp="20230105 15:25:04.341" level="INFO">${body} = {'name': 'super man', 'gender': 'm', 'birthday': '01012001', 'salary': '1000', 'tax': '0'}</msg>
<status status="PASS" starttime="20230105 15:25:04.341" endtime="20230105 15:25:04.341"/>
</kw>
<kw name="Create Dictionary" library="BuiltIn">
<var>${header}</var>
<arg>Content-Type=application/json</arg>
<arg>accept=*/*</arg>
<doc>Creates and returns a dictionary based on the given ``items``.</doc>
<msg timestamp="20230105 15:25:04.342" level="INFO">${header} = {'Content-Type': 'application/json', 'accept': '*/*'}</msg>
<status status="PASS" starttime="20230105 15:25:04.342" endtime="20230105 15:25:04.342"/>
</kw>
<kw name="POST" library="RequestsLibrary">
<var>${response}</var>
<arg>url=${base_url}${api_url}</arg>
<arg>json=${body}</arg>
<arg>headers=${header}</arg>
<arg>expected_status=500</arg>
<arg>msg= Wrong status code</arg>
<doc>Sends a POST request.</doc>
<msg timestamp="20230105 15:25:04.387" level="INFO">POST Request : url=http://localhost:8080/calculator/insert 
 path_url=/calculator/insert 
 headers={'User-Agent': 'python-requests/2.28.1', 'Accept-Encoding': 'gzip, deflate', 'accept': '*/*', 'Connection': 'keep-alive', 'Content-Type': 'application/json', 'Content-Length': '90'} 
 body=b'{"name": "super man", "gender": "m", "birthday": "01012001", "salary": "1000", "tax": "0"}' 
 </msg>
<msg timestamp="20230105 15:25:04.387" level="INFO">POST Response : url=http://localhost:8080/calculator/insert 
 status=500, reason= 
 headers={'Content-Type': 'application/json;charset=UTF-8', 'Transfer-Encoding': 'chunked', 'Date': 'Thu, 05 Jan 2023 07:25:04 GMT', 'Connection': 'close'} 
 body={"timestamp":"2023-01-05T07:25:04.380+0000","status":500,"error":"Internal Server Error","message":"could not execute statement; SQL [n/a]; constraint [null]; nested exception is org.hibernate.exception.ConstraintViolationException: could not execute statement","path":"/calculator/insert"} 
 </msg>
<msg timestamp="20230105 15:25:04.387" level="INFO">${response} = &lt;Response [500]&gt;</msg>
<status status="PASS" starttime="20230105 15:25:04.342" endtime="20230105 15:25:04.387"/>
</kw>
<kw name="POST On Session" library="RequestsLibrary" type="TEARDOWN">
<arg>mysession</arg>
<arg>${clear_db_url}</arg>
<doc>Sends a POST request on a previously created HTTP Session.</doc>
<msg timestamp="20230105 15:25:04.392" level="INFO">POST Request : url=http://localhost:8080/calculator/rakeDatabase 
 path_url=/calculator/rakeDatabase 
 headers={'User-Agent': 'python-requests/2.28.1', 'Accept-Encoding': 'gzip, deflate', 'Accept': '*/*', 'Connection': 'keep-alive', 'Content-Length': '0'} 
 body=None 
 </msg>
<msg timestamp="20230105 15:25:04.392" level="INFO">POST Response : url=http://localhost:8080/calculator/rakeDatabase 
 status=200, reason= 
 headers={'Content-Type': 'text/plain;charset=UTF-8', 'Content-Length': '21', 'Date': 'Thu, 05 Jan 2023 07:25:04 GMT'} 
 body=Successfully raked DB 
 </msg>
<status status="PASS" starttime="20230105 15:25:04.387" endtime="20230105 15:25:04.392"/>
</kw>
<status status="PASS" starttime="20230105 15:25:04.341" endtime="20230105 15:25:04.392"/>
</test>
<test id="s1-s1-t2" name="Missing Name" line="19">
<kw name="Create Session" library="RequestsLibrary" type="SETUP">
<arg>mysession</arg>
<arg>${base_url}</arg>
<doc>Create Session: create a HTTP session to a server</doc>
<msg timestamp="20230105 15:25:04.393" level="INFO">Creating Session using : alias=mysession, url=http://localhost:8080, headers={},                     cookies={}, auth=None, timeout=None, proxies=None, verify=False,                     debug=0 </msg>
<status status="PASS" starttime="20230105 15:25:04.393" endtime="20230105 15:25:04.393"/>
</kw>
<kw name="Create Dictionary" library="BuiltIn">
<var>${body}</var>
<arg>natid=nid-12345</arg>
<arg>gender=m</arg>
<arg>birthday=01012001</arg>
<arg>salary=1000</arg>
<arg>tax=0</arg>
<doc>Creates and returns a dictionary based on the given ``items``.</doc>
<msg timestamp="20230105 15:25:04.393" level="INFO">${body} = {'natid': 'nid-12345', 'gender': 'm', 'birthday': '01012001', 'salary': '1000', 'tax': '0'}</msg>
<status status="PASS" starttime="20230105 15:25:04.393" endtime="20230105 15:25:04.393"/>
</kw>
<kw name="Create Dictionary" library="BuiltIn">
<var>${header}</var>
<arg>Content-Type=application/json</arg>
<arg>accept=*/*</arg>
<doc>Creates and returns a dictionary based on the given ``items``.</doc>
<msg timestamp="20230105 15:25:04.393" level="INFO">${header} = {'Content-Type': 'application/json', 'accept': '*/*'}</msg>
<status status="PASS" starttime="20230105 15:25:04.393" endtime="20230105 15:25:04.393"/>
</kw>
<kw name="POST" library="RequestsLibrary">
<var>${response}</var>
<arg>url=${base_url}${api_url}</arg>
<arg>json=${body}</arg>
<arg>headers=${header}</arg>
<arg>expected_status=500</arg>
<arg>msg= Wrong status code</arg>
<doc>Sends a POST request.</doc>
<msg timestamp="20230105 15:25:04.400" level="INFO">POST Request : url=http://localhost:8080/calculator/insert 
 path_url=/calculator/insert 
 headers={'User-Agent': 'python-requests/2.28.1', 'Accept-Encoding': 'gzip, deflate', 'accept': '*/*', 'Connection': 'keep-alive', 'Content-Type': 'application/json', 'Content-Length': '91'} 
 body=b'{"natid": "nid-12345", "gender": "m", "birthday": "01012001", "salary": "1000", "tax": "0"}' 
 </msg>
<msg timestamp="20230105 15:25:04.400" level="INFO">POST Response : url=http://localhost:8080/calculator/insert 
 status=500, reason= 
 headers={'Content-Type': 'application/json;charset=UTF-8', 'Transfer-Encoding': 'chunked', 'Date': 'Thu, 05 Jan 2023 07:25:04 GMT', 'Connection': 'close'} 
 body={"timestamp":"2023-01-05T07:25:04.398+0000","status":500,"error":"Internal Server Error","message":"could not execute statement; SQL [n/a]; constraint [null]; nested exception is org.hibernate.exception.ConstraintViolationException: could not execute statement","path":"/calculator/insert"} 
 </msg>
<msg timestamp="20230105 15:25:04.400" level="INFO">${response} = &lt;Response [500]&gt;</msg>
<status status="PASS" starttime="20230105 15:25:04.394" endtime="20230105 15:25:04.400"/>
</kw>
<kw name="POST On Session" library="RequestsLibrary" type="TEARDOWN">
<arg>mysession</arg>
<arg>${clear_db_url}</arg>
<doc>Sends a POST request on a previously created HTTP Session.</doc>
<msg timestamp="20230105 15:25:04.402" level="INFO">POST Request : url=http://localhost:8080/calculator/rakeDatabase 
 path_url=/calculator/rakeDatabase 
 headers={'User-Agent': 'python-requests/2.28.1', 'Accept-Encoding': 'gzip, deflate', 'Accept': '*/*', 'Connection': 'keep-alive', 'Content-Length': '0'} 
 body=None 
 </msg>
<msg timestamp="20230105 15:25:04.402" level="INFO">POST Response : url=http://localhost:8080/calculator/rakeDatabase 
 status=200, reason= 
 headers={'Content-Type': 'text/plain;charset=UTF-8', 'Content-Length': '21', 'Date': 'Thu, 05 Jan 2023 07:25:04 GMT'} 
 body=Successfully raked DB 
 </msg>
<status status="PASS" starttime="20230105 15:25:04.400" endtime="20230105 15:25:04.402"/>
</kw>
<status status="PASS" starttime="20230105 15:25:04.393" endtime="20230105 15:25:04.402"/>
</test>
<test id="s1-s1-t3" name="Missing Gender" line="24">
<kw name="Create Session" library="RequestsLibrary" type="SETUP">
<arg>mysession</arg>
<arg>${base_url}</arg>
<doc>Create Session: create a HTTP session to a server</doc>
<msg timestamp="20230105 15:25:04.403" level="INFO">Creating Session using : alias=mysession, url=http://localhost:8080, headers={},                     cookies={}, auth=None, timeout=None, proxies=None, verify=False,                     debug=0 </msg>
<status status="PASS" starttime="20230105 15:25:04.403" endtime="20230105 15:25:04.403"/>
</kw>
<kw name="Create Dictionary" library="BuiltIn">
<var>${body}</var>
<arg>natid=nid-12345</arg>
<arg>name=super man</arg>
<arg>birthday=01012001</arg>
<arg>salary=1000</arg>
<arg>tax=0</arg>
<doc>Creates and returns a dictionary based on the given ``items``.</doc>
<msg timestamp="20230105 15:25:04.403" level="INFO">${body} = {'natid': 'nid-12345', 'name': 'super man', 'birthday': '01012001', 'salary': '1000', 'tax': '0'}</msg>
<status status="PASS" starttime="20230105 15:25:04.403" endtime="20230105 15:25:04.403"/>
</kw>
<kw name="Create Dictionary" library="BuiltIn">
<var>${header}</var>
<arg>Content-Type=application/json</arg>
<arg>accept=*/*</arg>
<doc>Creates and returns a dictionary based on the given ``items``.</doc>
<msg timestamp="20230105 15:25:04.403" level="INFO">${header} = {'Content-Type': 'application/json', 'accept': '*/*'}</msg>
<status status="PASS" starttime="20230105 15:25:04.403" endtime="20230105 15:25:04.403"/>
</kw>
<kw name="POST" library="RequestsLibrary">
<var>${response}</var>
<arg>url=${base_url}${api_url}</arg>
<arg>json=${body}</arg>
<arg>headers=${header}</arg>
<arg>expected_status=500</arg>
<arg>msg= Wrong status code</arg>
<doc>Sends a POST request.</doc>
<msg timestamp="20230105 15:25:04.409" level="INFO">POST Request : url=http://localhost:8080/calculator/insert 
 path_url=/calculator/insert 
 headers={'User-Agent': 'python-requests/2.28.1', 'Accept-Encoding': 'gzip, deflate', 'accept': '*/*', 'Connection': 'keep-alive', 'Content-Type': 'application/json', 'Content-Length': '97'} 
 body=b'{"natid": "nid-12345", "name": "super man", "birthday": "01012001", "salary": "1000", "tax": "0"}' 
 </msg>
<msg timestamp="20230105 15:25:04.409" level="INFO">POST Response : url=http://localhost:8080/calculator/insert 
 status=202, reason= 
 headers={'Content-Type': 'text/plain;charset=UTF-8', 'Content-Length': '7', 'Date': 'Thu, 05 Jan 2023 07:25:04 GMT'} 
 body=Alright 
 </msg>
<msg timestamp="20230105 15:25:04.409" level="FAIL"> Wrong status code Url: http://localhost:8080/calculator/insert Expected status: 202 != 500</msg>
<status status="FAIL" starttime="20230105 15:25:04.403" endtime="20230105 15:25:04.410"/>
</kw>
<kw name="POST On Session" library="RequestsLibrary" type="TEARDOWN">
<arg>mysession</arg>
<arg>${clear_db_url}</arg>
<doc>Sends a POST request on a previously created HTTP Session.</doc>
<msg timestamp="20230105 15:25:04.420" level="INFO">POST Request : url=http://localhost:8080/calculator/rakeDatabase 
 path_url=/calculator/rakeDatabase 
 headers={'User-Agent': 'python-requests/2.28.1', 'Accept-Encoding': 'gzip, deflate', 'Accept': '*/*', 'Connection': 'keep-alive', 'Content-Length': '0'} 
 body=None 
 </msg>
<msg timestamp="20230105 15:25:04.420" level="INFO">POST Response : url=http://localhost:8080/calculator/rakeDatabase 
 status=200, reason= 
 headers={'Content-Type': 'text/plain;charset=UTF-8', 'Content-Length': '21', 'Date': 'Thu, 05 Jan 2023 07:25:04 GMT'} 
 body=Successfully raked DB 
 </msg>
<status status="PASS" starttime="20230105 15:25:04.410" endtime="20230105 15:25:04.420"/>
</kw>
<status status="FAIL" starttime="20230105 15:25:04.403" endtime="20230105 15:25:04.420"> Wrong status code Url: http://localhost:8080/calculator/insert Expected status: 202 != 500</status>
</test>
<test id="s1-s1-t4" name="Missing Birthday" line="29">
<kw name="Create Session" library="RequestsLibrary" type="SETUP">
<arg>mysession</arg>
<arg>${base_url}</arg>
<doc>Create Session: create a HTTP session to a server</doc>
<msg timestamp="20230105 15:25:04.421" level="INFO">Creating Session using : alias=mysession, url=http://localhost:8080, headers={},                     cookies={}, auth=None, timeout=None, proxies=None, verify=False,                     debug=0 </msg>
<status status="PASS" starttime="20230105 15:25:04.421" endtime="20230105 15:25:04.421"/>
</kw>
<kw name="Create Dictionary" library="BuiltIn">
<var>${body}</var>
<arg>natid=nid-12345</arg>
<arg>name=super man</arg>
<arg>gender=m</arg>
<arg>salary=1000</arg>
<arg>tax=0</arg>
<doc>Creates and returns a dictionary based on the given ``items``.</doc>
<msg timestamp="20230105 15:25:04.421" level="INFO">${body} = {'natid': 'nid-12345', 'name': 'super man', 'gender': 'm', 'salary': '1000', 'tax': '0'}</msg>
<status status="PASS" starttime="20230105 15:25:04.421" endtime="20230105 15:25:04.421"/>
</kw>
<kw name="Create Dictionary" library="BuiltIn">
<var>${header}</var>
<arg>Content-Type=application/json</arg>
<arg>accept=*/*</arg>
<doc>Creates and returns a dictionary based on the given ``items``.</doc>
<msg timestamp="20230105 15:25:04.421" level="INFO">${header} = {'Content-Type': 'application/json', 'accept': '*/*'}</msg>
<status status="PASS" starttime="20230105 15:25:04.421" endtime="20230105 15:25:04.421"/>
</kw>
<kw name="POST" library="RequestsLibrary">
<var>${response}</var>
<arg>url=${base_url}${api_url}</arg>
<arg>json=${body}</arg>
<arg>headers=${header}</arg>
<arg>expected_status=500</arg>
<arg>msg= Wrong status code</arg>
<doc>Sends a POST request.</doc>
<msg timestamp="20230105 15:25:04.425" level="INFO">POST Request : url=http://localhost:8080/calculator/insert 
 path_url=/calculator/insert 
 headers={'User-Agent': 'python-requests/2.28.1', 'Accept-Encoding': 'gzip, deflate', 'accept': '*/*', 'Connection': 'keep-alive', 'Content-Type': 'application/json', 'Content-Length': '88'} 
 body=b'{"natid": "nid-12345", "name": "super man", "gender": "m", "salary": "1000", "tax": "0"}' 
 </msg>
<msg timestamp="20230105 15:25:04.425" level="INFO">POST Response : url=http://localhost:8080/calculator/insert 
 status=500, reason= 
 headers={'Content-Type': 'application/json;charset=UTF-8', 'Transfer-Encoding': 'chunked', 'Date': 'Thu, 05 Jan 2023 07:25:04 GMT', 'Connection': 'close'} 
 body={"timestamp":"2023-01-05T07:25:04.424+0000","status":500,"error":"Internal Server Error","message":"text","path":"/calculator/insert"} 
 </msg>
<msg timestamp="20230105 15:25:04.426" level="INFO">${response} = &lt;Response [500]&gt;</msg>
<status status="PASS" starttime="20230105 15:25:04.421" endtime="20230105 15:25:04.426"/>
</kw>
<kw name="POST On Session" library="RequestsLibrary" type="TEARDOWN">
<arg>mysession</arg>
<arg>${clear_db_url}</arg>
<doc>Sends a POST request on a previously created HTTP Session.</doc>
<msg timestamp="20230105 15:25:04.428" level="INFO">POST Request : url=http://localhost:8080/calculator/rakeDatabase 
 path_url=/calculator/rakeDatabase 
 headers={'User-Agent': 'python-requests/2.28.1', 'Accept-Encoding': 'gzip, deflate', 'Accept': '*/*', 'Connection': 'keep-alive', 'Content-Length': '0'} 
 body=None 
 </msg>
<msg timestamp="20230105 15:25:04.428" level="INFO">POST Response : url=http://localhost:8080/calculator/rakeDatabase 
 status=200, reason= 
 headers={'Content-Type': 'text/plain;charset=UTF-8', 'Content-Length': '21', 'Date': 'Thu, 05 Jan 2023 07:25:04 GMT'} 
 body=Successfully raked DB 
 </msg>
<status status="PASS" starttime="20230105 15:25:04.426" endtime="20230105 15:25:04.428"/>
</kw>
<status status="PASS" starttime="20230105 15:25:04.420" endtime="20230105 15:25:04.428"/>
</test>
<test id="s1-s1-t5" name="Missing Salary" line="34">
<kw name="Create Session" library="RequestsLibrary" type="SETUP">
<arg>mysession</arg>
<arg>${base_url}</arg>
<doc>Create Session: create a HTTP session to a server</doc>
<msg timestamp="20230105 15:25:04.429" level="INFO">Creating Session using : alias=mysession, url=http://localhost:8080, headers={},                     cookies={}, auth=None, timeout=None, proxies=None, verify=False,                     debug=0 </msg>
<status status="PASS" starttime="20230105 15:25:04.428" endtime="20230105 15:25:04.429"/>
</kw>
<kw name="Create Dictionary" library="BuiltIn">
<var>${body}</var>
<arg>natid=nid-12345</arg>
<arg>name=super man</arg>
<arg>gender=m</arg>
<arg>birthday=01012001</arg>
<arg>tax=0</arg>
<doc>Creates and returns a dictionary based on the given ``items``.</doc>
<msg timestamp="20230105 15:25:04.429" level="INFO">${body} = {'natid': 'nid-12345', 'name': 'super man', 'gender': 'm', 'birthday': '01012001', 'tax': '0'}</msg>
<status status="PASS" starttime="20230105 15:25:04.429" endtime="20230105 15:25:04.429"/>
</kw>
<kw name="Create Dictionary" library="BuiltIn">
<var>${header}</var>
<arg>Content-Type=application/json</arg>
<arg>accept=*/*</arg>
<doc>Creates and returns a dictionary based on the given ``items``.</doc>
<msg timestamp="20230105 15:25:04.429" level="INFO">${header} = {'Content-Type': 'application/json', 'accept': '*/*'}</msg>
<status status="PASS" starttime="20230105 15:25:04.429" endtime="20230105 15:25:04.429"/>
</kw>
<kw name="POST" library="RequestsLibrary">
<var>${response}</var>
<arg>url=${base_url}${api_url}</arg>
<arg>json=${body}</arg>
<arg>headers=${header}</arg>
<arg>expected_status=500</arg>
<arg>msg= Wrong status code</arg>
<doc>Sends a POST request.</doc>
<msg timestamp="20230105 15:25:04.433" level="INFO">POST Request : url=http://localhost:8080/calculator/insert 
 path_url=/calculator/insert 
 headers={'User-Agent': 'python-requests/2.28.1', 'Accept-Encoding': 'gzip, deflate', 'accept': '*/*', 'Connection': 'keep-alive', 'Content-Type': 'application/json', 'Content-Length': '94'} 
 body=b'{"natid": "nid-12345", "name": "super man", "gender": "m", "birthday": "01012001", "tax": "0"}' 
 </msg>
<msg timestamp="20230105 15:25:04.433" level="INFO">POST Response : url=http://localhost:8080/calculator/insert 
 status=500, reason= 
 headers={'Content-Type': 'application/json;charset=UTF-8', 'Transfer-Encoding': 'chunked', 'Date': 'Thu, 05 Jan 2023 07:25:04 GMT', 'Connection': 'close'} 
 body={"timestamp":"2023-01-05T07:25:04.431+0000","status":500,"error":"Internal Server Error","message":"Cannot invoke \"String.toCharArray()\" because \"val\" is null","path":"/calculator/insert"} 
 </msg>
<msg timestamp="20230105 15:25:04.433" level="INFO">${response} = &lt;Response [500]&gt;</msg>
<status status="PASS" starttime="20230105 15:25:04.429" endtime="20230105 15:25:04.433"/>
</kw>
<kw name="POST On Session" library="RequestsLibrary" type="TEARDOWN">
<arg>mysession</arg>
<arg>${clear_db_url}</arg>
<doc>Sends a POST request on a previously created HTTP Session.</doc>
<msg timestamp="20230105 15:25:04.435" level="INFO">POST Request : url=http://localhost:8080/calculator/rakeDatabase 
 path_url=/calculator/rakeDatabase 
 headers={'User-Agent': 'python-requests/2.28.1', 'Accept-Encoding': 'gzip, deflate', 'Accept': '*/*', 'Connection': 'keep-alive', 'Content-Length': '0'} 
 body=None 
 </msg>
<msg timestamp="20230105 15:25:04.435" level="INFO">POST Response : url=http://localhost:8080/calculator/rakeDatabase 
 status=200, reason= 
 headers={'Content-Type': 'text/plain;charset=UTF-8', 'Content-Length': '21', 'Date': 'Thu, 05 Jan 2023 07:25:04 GMT'} 
 body=Successfully raked DB 
 </msg>
<status status="PASS" starttime="20230105 15:25:04.433" endtime="20230105 15:25:04.435"/>
</kw>
<status status="PASS" starttime="20230105 15:25:04.428" endtime="20230105 15:25:04.435"/>
</test>
<test id="s1-s1-t6" name="Missing TaxPaid" line="39">
<kw name="Create Session" library="RequestsLibrary" type="SETUP">
<arg>mysession</arg>
<arg>${base_url}</arg>
<doc>Create Session: create a HTTP session to a server</doc>
<msg timestamp="20230105 15:25:04.436" level="INFO">Creating Session using : alias=mysession, url=http://localhost:8080, headers={},                     cookies={}, auth=None, timeout=None, proxies=None, verify=False,                     debug=0 </msg>
<status status="PASS" starttime="20230105 15:25:04.436" endtime="20230105 15:25:04.436"/>
</kw>
<kw name="Create Dictionary" library="BuiltIn">
<var>${body}</var>
<arg>natid=nid-12345</arg>
<arg>name=super man</arg>
<arg>gender=m</arg>
<arg>birthday=01012001</arg>
<arg>salary=1000</arg>
<doc>Creates and returns a dictionary based on the given ``items``.</doc>
<msg timestamp="20230105 15:25:04.436" level="INFO">${body} = {'natid': 'nid-12345', 'name': 'super man', 'gender': 'm', 'birthday': '01012001', 'salary': '1000'}</msg>
<status status="PASS" starttime="20230105 15:25:04.436" endtime="20230105 15:25:04.436"/>
</kw>
<kw name="Create Dictionary" library="BuiltIn">
<var>${header}</var>
<arg>Content-Type=application/json</arg>
<arg>accept=*/*</arg>
<doc>Creates and returns a dictionary based on the given ``items``.</doc>
<msg timestamp="20230105 15:25:04.436" level="INFO">${header} = {'Content-Type': 'application/json', 'accept': '*/*'}</msg>
<status status="PASS" starttime="20230105 15:25:04.436" endtime="20230105 15:25:04.436"/>
</kw>
<kw name="POST" library="RequestsLibrary">
<var>${response}</var>
<arg>url=${base_url}${api_url}</arg>
<arg>json=${body}</arg>
<arg>headers=${header}</arg>
<arg>expected_status=500</arg>
<arg>msg= Wrong status code</arg>
<doc>Sends a POST request.</doc>
<msg timestamp="20230105 15:25:04.440" level="INFO">POST Request : url=http://localhost:8080/calculator/insert 
 path_url=/calculator/insert 
 headers={'User-Agent': 'python-requests/2.28.1', 'Accept-Encoding': 'gzip, deflate', 'accept': '*/*', 'Connection': 'keep-alive', 'Content-Type': 'application/json', 'Content-Length': '100'} 
 body=b'{"natid": "nid-12345", "name": "super man", "gender": "m", "birthday": "01012001", "salary": "1000"}' 
 </msg>
<msg timestamp="20230105 15:25:04.440" level="INFO">POST Response : url=http://localhost:8080/calculator/insert 
 status=500, reason= 
 headers={'Content-Type': 'application/json;charset=UTF-8', 'Transfer-Encoding': 'chunked', 'Date': 'Thu, 05 Jan 2023 07:25:04 GMT', 'Connection': 'close'} 
 body={"timestamp":"2023-01-05T07:25:04.438+0000","status":500,"error":"Internal Server Error","message":"Cannot invoke \"String.toCharArray()\" because \"val\" is null","path":"/calculator/insert"} 
 </msg>
<msg timestamp="20230105 15:25:04.440" level="INFO">${response} = &lt;Response [500]&gt;</msg>
<status status="PASS" starttime="20230105 15:25:04.436" endtime="20230105 15:25:04.440"/>
</kw>
<kw name="POST On Session" library="RequestsLibrary" type="TEARDOWN">
<arg>mysession</arg>
<arg>${clear_db_url}</arg>
<doc>Sends a POST request on a previously created HTTP Session.</doc>
<msg timestamp="20230105 15:25:04.442" level="INFO">POST Request : url=http://localhost:8080/calculator/rakeDatabase 
 path_url=/calculator/rakeDatabase 
 headers={'User-Agent': 'python-requests/2.28.1', 'Accept-Encoding': 'gzip, deflate', 'Accept': '*/*', 'Connection': 'keep-alive', 'Content-Length': '0'} 
 body=None 
 </msg>
<msg timestamp="20230105 15:25:04.442" level="INFO">POST Response : url=http://localhost:8080/calculator/rakeDatabase 
 status=200, reason= 
 headers={'Content-Type': 'text/plain;charset=UTF-8', 'Content-Length': '21', 'Date': 'Thu, 05 Jan 2023 07:25:04 GMT'} 
 body=Successfully raked DB 
 </msg>
<status status="PASS" starttime="20230105 15:25:04.440" endtime="20230105 15:25:04.442"/>
</kw>
<status status="PASS" starttime="20230105 15:25:04.436" endtime="20230105 15:25:04.442"/>
</test>
<test id="s1-s1-t7" name="Empty Parameter" line="45">
<kw name="Create Session" library="RequestsLibrary" type="SETUP">
<arg>mysession</arg>
<arg>${base_url}</arg>
<doc>Create Session: create a HTTP session to a server</doc>
<msg timestamp="20230105 15:25:04.443" level="INFO">Creating Session using : alias=mysession, url=http://localhost:8080, headers={},                     cookies={}, auth=None, timeout=None, proxies=None, verify=False,                     debug=0 </msg>
<status status="PASS" starttime="20230105 15:25:04.443" endtime="20230105 15:25:04.443"/>
</kw>
<kw name="Adding hero">
<arg>--Empty_Natid</arg>
<arg>${None}</arg>
<arg>super man</arg>
<arg>m</arg>
<arg>01012001</arg>
<arg>100</arg>
<arg>0</arg>
<arg>500</arg>
<arg>"wrong status code"</arg>
<kw name="Create Dictionary" library="BuiltIn">
<var>${body}</var>
<arg>birthday=${birthday}</arg>
<arg>gender=${gender}</arg>
<arg>name=${name}</arg>
<arg>natid=${natid}</arg>
<arg>salary=${salary}</arg>
<arg>tax=${tax}</arg>
<doc>Creates and returns a dictionary based on the given ``items``.</doc>
<msg timestamp="20230105 15:25:04.443" level="INFO">${body} = {'birthday': '01012001', 'gender': 'm', 'name': 'super man', 'natid': None, 'salary': '100', 'tax': '0'}</msg>
<status status="PASS" starttime="20230105 15:25:04.443" endtime="20230105 15:25:04.443"/>
</kw>
<kw name="Create Dictionary" library="BuiltIn">
<var>${header}</var>
<arg>Content-Type=application/json</arg>
<arg>accept=*/*</arg>
<doc>Creates and returns a dictionary based on the given ``items``.</doc>
<msg timestamp="20230105 15:25:04.444" level="INFO">${header} = {'Content-Type': 'application/json', 'accept': '*/*'}</msg>
<status status="PASS" starttime="20230105 15:25:04.443" endtime="20230105 15:25:04.444"/>
</kw>
<kw name="POST" library="RequestsLibrary">
<var>${response}</var>
<arg>url=${base_url}${api_url}</arg>
<arg>json=${body}</arg>
<arg>headers=${header}</arg>
<arg>expected_status=${expected_status_code}</arg>
<arg>msg= ${message}</arg>
<doc>Sends a POST request.</doc>
<msg timestamp="20230105 15:25:04.448" level="INFO">POST Request : url=http://localhost:8080/calculator/insert 
 path_url=/calculator/insert 
 headers={'User-Agent': 'python-requests/2.28.1', 'Accept-Encoding': 'gzip, deflate', 'accept': '*/*', 'Connection': 'keep-alive', 'Content-Type': 'application/json', 'Content-Length': '104'} 
 body=b'{"birthday": "01012001", "gender": "m", "name": "super man", "natid": null, "salary": "100", "tax": "0"}' 
 </msg>
<msg timestamp="20230105 15:25:04.448" level="INFO">POST Response : url=http://localhost:8080/calculator/insert 
 status=500, reason= 
 headers={'Content-Type': 'application/json;charset=UTF-8', 'Transfer-Encoding': 'chunked', 'Date': 'Thu, 05 Jan 2023 07:25:04 GMT', 'Connection': 'close'} 
 body={"timestamp":"2023-01-05T07:25:04.446+0000","status":500,"error":"Internal Server Error","message":"could not execute statement; SQL [n/a]; constraint [null]; nested exception is org.hibernate.exception.ConstraintViolationException: could not execute statement","path":"/calculator/insert"} 
 </msg>
<msg timestamp="20230105 15:25:04.448" level="INFO">${response} = &lt;Response [500]&gt;</msg>
<status status="PASS" starttime="20230105 15:25:04.444" endtime="20230105 15:25:04.448"/>
</kw>
<status status="PASS" starttime="20230105 15:25:04.443" endtime="20230105 15:25:04.448"/>
</kw>
<kw name="Adding hero">
<arg>--Empty_Name</arg>
<arg>nid-12345</arg>
<arg>${None}</arg>
<arg>m</arg>
<arg>01012001</arg>
<arg>100</arg>
<arg>0</arg>
<arg>500</arg>
<arg>"wrong status code"</arg>
<kw name="Create Dictionary" library="BuiltIn">
<var>${body}</var>
<arg>birthday=${birthday}</arg>
<arg>gender=${gender}</arg>
<arg>name=${name}</arg>
<arg>natid=${natid}</arg>
<arg>salary=${salary}</arg>
<arg>tax=${tax}</arg>
<doc>Creates and returns a dictionary based on the given ``items``.</doc>
<msg timestamp="20230105 15:25:04.449" level="INFO">${body} = {'birthday': '01012001', 'gender': 'm', 'name': None, 'natid': 'nid-12345', 'salary': '100', 'tax': '0'}</msg>
<status status="PASS" starttime="20230105 15:25:04.448" endtime="20230105 15:25:04.449"/>
</kw>
<kw name="Create Dictionary" library="BuiltIn">
<var>${header}</var>
<arg>Content-Type=application/json</arg>
<arg>accept=*/*</arg>
<doc>Creates and returns a dictionary based on the given ``items``.</doc>
<msg timestamp="20230105 15:25:04.449" level="INFO">${header} = {'Content-Type': 'application/json', 'accept': '*/*'}</msg>
<status status="PASS" starttime="20230105 15:25:04.449" endtime="20230105 15:25:04.449"/>
</kw>
<kw name="POST" library="RequestsLibrary">
<var>${response}</var>
<arg>url=${base_url}${api_url}</arg>
<arg>json=${body}</arg>
<arg>headers=${header}</arg>
<arg>expected_status=${expected_status_code}</arg>
<arg>msg= ${message}</arg>
<doc>Sends a POST request.</doc>
<msg timestamp="20230105 15:25:04.453" level="INFO">POST Request : url=http://localhost:8080/calculator/insert 
 path_url=/calculator/insert 
 headers={'User-Agent': 'python-requests/2.28.1', 'Accept-Encoding': 'gzip, deflate', 'accept': '*/*', 'Connection': 'keep-alive', 'Content-Type': 'application/json', 'Content-Length': '104'} 
 body=b'{"birthday": "01012001", "gender": "m", "name": null, "natid": "nid-12345", "salary": "100", "tax": "0"}' 
 </msg>
<msg timestamp="20230105 15:25:04.453" level="INFO">POST Response : url=http://localhost:8080/calculator/insert 
 status=500, reason= 
 headers={'Content-Type': 'application/json;charset=UTF-8', 'Transfer-Encoding': 'chunked', 'Date': 'Thu, 05 Jan 2023 07:25:04 GMT', 'Connection': 'close'} 
 body={"timestamp":"2023-01-05T07:25:04.452+0000","status":500,"error":"Internal Server Error","message":"could not execute statement; SQL [n/a]; constraint [null]; nested exception is org.hibernate.exception.ConstraintViolationException: could not execute statement","path":"/calculator/insert"} 
 </msg>
<msg timestamp="20230105 15:25:04.453" level="INFO">${response} = &lt;Response [500]&gt;</msg>
<status status="PASS" starttime="20230105 15:25:04.449" endtime="20230105 15:25:04.453"/>
</kw>
<status status="PASS" starttime="20230105 15:25:04.448" endtime="20230105 15:25:04.453"/>
</kw>
<kw name="Adding hero">
<arg>--Empty_Gender</arg>
<arg>nid-12345</arg>
<arg>super man</arg>
<arg>${None}</arg>
<arg>01012001</arg>
<arg>100</arg>
<arg>0</arg>
<arg>500</arg>
<arg>"wrong status code - Should not be successful"</arg>
<kw name="Create Dictionary" library="BuiltIn">
<var>${body}</var>
<arg>birthday=${birthday}</arg>
<arg>gender=${gender}</arg>
<arg>name=${name}</arg>
<arg>natid=${natid}</arg>
<arg>salary=${salary}</arg>
<arg>tax=${tax}</arg>
<doc>Creates and returns a dictionary based on the given ``items``.</doc>
<msg timestamp="20230105 15:25:04.454" level="INFO">${body} = {'birthday': '01012001', 'gender': None, 'name': 'super man', 'natid': 'nid-12345', 'salary': '100', 'tax': '0'}</msg>
<status status="PASS" starttime="20230105 15:25:04.454" endtime="20230105 15:25:04.454"/>
</kw>
<kw name="Create Dictionary" library="BuiltIn">
<var>${header}</var>
<arg>Content-Type=application/json</arg>
<arg>accept=*/*</arg>
<doc>Creates and returns a dictionary based on the given ``items``.</doc>
<msg timestamp="20230105 15:25:04.454" level="INFO">${header} = {'Content-Type': 'application/json', 'accept': '*/*'}</msg>
<status status="PASS" starttime="20230105 15:25:04.454" endtime="20230105 15:25:04.454"/>
</kw>
<kw name="POST" library="RequestsLibrary">
<var>${response}</var>
<arg>url=${base_url}${api_url}</arg>
<arg>json=${body}</arg>
<arg>headers=${header}</arg>
<arg>expected_status=${expected_status_code}</arg>
<arg>msg= ${message}</arg>
<doc>Sends a POST request.</doc>
<msg timestamp="20230105 15:25:04.457" level="INFO">POST Request : url=http://localhost:8080/calculator/insert 
 path_url=/calculator/insert 
 headers={'User-Agent': 'python-requests/2.28.1', 'Accept-Encoding': 'gzip, deflate', 'accept': '*/*', 'Connection': 'keep-alive', 'Content-Type': 'application/json', 'Content-Length': '112'} 
 body=b'{"birthday": "01012001", "gender": null, "name": "super man", "natid": "nid-12345", "salary": "100", "tax": "0"}' 
 </msg>
<msg timestamp="20230105 15:25:04.457" level="INFO">POST Response : url=http://localhost:8080/calculator/insert 
 status=202, reason= 
 headers={'Content-Type': 'text/plain;charset=UTF-8', 'Content-Length': '7', 'Date': 'Thu, 05 Jan 2023 07:25:04 GMT'} 
 body=Alright 
 </msg>
<msg timestamp="20230105 15:25:04.457" level="FAIL"> "wrong status code - Should not be successful" Url: http://localhost:8080/calculator/insert Expected status: 202 != 500</msg>
<status status="FAIL" starttime="20230105 15:25:04.454" endtime="20230105 15:25:04.457"/>
</kw>
<status status="FAIL" starttime="20230105 15:25:04.454" endtime="20230105 15:25:04.457"/>
</kw>
<kw name="Adding hero">
<arg>--Empty_Birthday</arg>
<arg>nid-12345</arg>
<arg>super man</arg>
<arg>m</arg>
<arg>${None}</arg>
<arg>100</arg>
<arg>0</arg>
<arg>500</arg>
<arg>"wrong status code"</arg>
<kw name="Create Dictionary" library="BuiltIn">
<var>${body}</var>
<arg>birthday=${birthday}</arg>
<arg>gender=${gender}</arg>
<arg>name=${name}</arg>
<arg>natid=${natid}</arg>
<arg>salary=${salary}</arg>
<arg>tax=${tax}</arg>
<doc>Creates and returns a dictionary based on the given ``items``.</doc>
<msg timestamp="20230105 15:25:04.458" level="INFO">${body} = {'birthday': None, 'gender': 'm', 'name': 'super man', 'natid': 'nid-12345', 'salary': '100', 'tax': '0'}</msg>
<status status="PASS" starttime="20230105 15:25:04.457" endtime="20230105 15:25:04.458"/>
</kw>
<kw name="Create Dictionary" library="BuiltIn">
<var>${header}</var>
<arg>Content-Type=application/json</arg>
<arg>accept=*/*</arg>
<doc>Creates and returns a dictionary based on the given ``items``.</doc>
<msg timestamp="20230105 15:25:04.458" level="INFO">${header} = {'Content-Type': 'application/json', 'accept': '*/*'}</msg>
<status status="PASS" starttime="20230105 15:25:04.458" endtime="20230105 15:25:04.458"/>
</kw>
<kw name="POST" library="RequestsLibrary">
<var>${response}</var>
<arg>url=${base_url}${api_url}</arg>
<arg>json=${body}</arg>
<arg>headers=${header}</arg>
<arg>expected_status=${expected_status_code}</arg>
<arg>msg= ${message}</arg>
<doc>Sends a POST request.</doc>
<msg timestamp="20230105 15:25:04.461" level="INFO">POST Request : url=http://localhost:8080/calculator/insert 
 path_url=/calculator/insert 
 headers={'User-Agent': 'python-requests/2.28.1', 'Accept-Encoding': 'gzip, deflate', 'accept': '*/*', 'Connection': 'keep-alive', 'Content-Type': 'application/json', 'Content-Length': '105'} 
 body=b'{"birthday": null, "gender": "m", "name": "super man", "natid": "nid-12345", "salary": "100", "tax": "0"}' 
 </msg>
<msg timestamp="20230105 15:25:04.461" level="INFO">POST Response : url=http://localhost:8080/calculator/insert 
 status=500, reason= 
 headers={'Content-Type': 'application/json;charset=UTF-8', 'Transfer-Encoding': 'chunked', 'Date': 'Thu, 05 Jan 2023 07:25:04 GMT', 'Connection': 'close'} 
 body={"timestamp":"2023-01-05T07:25:04.461+0000","status":500,"error":"Internal Server Error","message":"text","path":"/calculator/insert"} 
 </msg>
<msg timestamp="20230105 15:25:04.461" level="INFO">${response} = &lt;Response [500]&gt;</msg>
<status status="PASS" starttime="20230105 15:25:04.458" endtime="20230105 15:25:04.461"/>
</kw>
<status status="PASS" starttime="20230105 15:25:04.457" endtime="20230105 15:25:04.461"/>
</kw>
<kw name="Adding hero">
<arg>--Empty_Salary</arg>
<arg>nid-12345</arg>
<arg>super man</arg>
<arg>m</arg>
<arg>01012001</arg>
<arg>${None}</arg>
<arg>0</arg>
<arg>500</arg>
<arg>"wrong status code"</arg>
<kw name="Create Dictionary" library="BuiltIn">
<var>${body}</var>
<arg>birthday=${birthday}</arg>
<arg>gender=${gender}</arg>
<arg>name=${name}</arg>
<arg>natid=${natid}</arg>
<arg>salary=${salary}</arg>
<arg>tax=${tax}</arg>
<doc>Creates and returns a dictionary based on the given ``items``.</doc>
<msg timestamp="20230105 15:25:04.462" level="INFO">${body} = {'birthday': '01012001', 'gender': 'm', 'name': 'super man', 'natid': 'nid-12345', 'salary': None, 'tax': '0'}</msg>
<status status="PASS" starttime="20230105 15:25:04.462" endtime="20230105 15:25:04.462"/>
</kw>
<kw name="Create Dictionary" library="BuiltIn">
<var>${header}</var>
<arg>Content-Type=application/json</arg>
<arg>accept=*/*</arg>
<doc>Creates and returns a dictionary based on the given ``items``.</doc>
<msg timestamp="20230105 15:25:04.462" level="INFO">${header} = {'Content-Type': 'application/json', 'accept': '*/*'}</msg>
<status status="PASS" starttime="20230105 15:25:04.462" endtime="20230105 15:25:04.462"/>
</kw>
<kw name="POST" library="RequestsLibrary">
<var>${response}</var>
<arg>url=${base_url}${api_url}</arg>
<arg>json=${body}</arg>
<arg>headers=${header}</arg>
<arg>expected_status=${expected_status_code}</arg>
<arg>msg= ${message}</arg>
<doc>Sends a POST request.</doc>
<msg timestamp="20230105 15:25:04.465" level="INFO">POST Request : url=http://localhost:8080/calculator/insert 
 path_url=/calculator/insert 
 headers={'User-Agent': 'python-requests/2.28.1', 'Accept-Encoding': 'gzip, deflate', 'accept': '*/*', 'Connection': 'keep-alive', 'Content-Type': 'application/json', 'Content-Length': '110'} 
 body=b'{"birthday": "01012001", "gender": "m", "name": "super man", "natid": "nid-12345", "salary": null, "tax": "0"}' 
 </msg>
<msg timestamp="20230105 15:25:04.465" level="INFO">POST Response : url=http://localhost:8080/calculator/insert 
 status=500, reason= 
 headers={'Content-Type': 'application/json;charset=UTF-8', 'Transfer-Encoding': 'chunked', 'Date': 'Thu, 05 Jan 2023 07:25:04 GMT', 'Connection': 'close'} 
 body={"timestamp":"2023-01-05T07:25:04.464+0000","status":500,"error":"Internal Server Error","message":"Cannot invoke \"String.toCharArray()\" because \"val\" is null","path":"/calculator/insert"} 
 </msg>
<msg timestamp="20230105 15:25:04.465" level="INFO">${response} = &lt;Response [500]&gt;</msg>
<status status="PASS" starttime="20230105 15:25:04.462" endtime="20230105 15:25:04.465"/>
</kw>
<status status="PASS" starttime="20230105 15:25:04.461" endtime="20230105 15:25:04.465"/>
</kw>
<kw name="Adding hero">
<arg>--Empty_Tax</arg>
<arg>nid-12345</arg>
<arg>super man</arg>
<arg>m</arg>
<arg>01012001</arg>
<arg>100</arg>
<arg>${None}</arg>
<arg>500</arg>
<arg>"wrong status code"</arg>
<kw name="Create Dictionary" library="BuiltIn">
<var>${body}</var>
<arg>birthday=${birthday}</arg>
<arg>gender=${gender}</arg>
<arg>name=${name}</arg>
<arg>natid=${natid}</arg>
<arg>salary=${salary}</arg>
<arg>tax=${tax}</arg>
<doc>Creates and returns a dictionary based on the given ``items``.</doc>
<msg timestamp="20230105 15:25:04.465" level="INFO">${body} = {'birthday': '01012001', 'gender': 'm', 'name': 'super man', 'natid': 'nid-12345', 'salary': '100', 'tax': None}</msg>
<status status="PASS" starttime="20230105 15:25:04.465" endtime="20230105 15:25:04.465"/>
</kw>
<kw name="Create Dictionary" library="BuiltIn">
<var>${header}</var>
<arg>Content-Type=application/json</arg>
<arg>accept=*/*</arg>
<doc>Creates and returns a dictionary based on the given ``items``.</doc>
<msg timestamp="20230105 15:25:04.465" level="INFO">${header} = {'Content-Type': 'application/json', 'accept': '*/*'}</msg>
<status status="PASS" starttime="20230105 15:25:04.465" endtime="20230105 15:25:04.465"/>
</kw>
<kw name="POST" library="RequestsLibrary">
<var>${response}</var>
<arg>url=${base_url}${api_url}</arg>
<arg>json=${body}</arg>
<arg>headers=${header}</arg>
<arg>expected_status=${expected_status_code}</arg>
<arg>msg= ${message}</arg>
<doc>Sends a POST request.</doc>
<msg timestamp="20230105 15:25:04.469" level="INFO">POST Request : url=http://localhost:8080/calculator/insert 
 path_url=/calculator/insert 
 headers={'User-Agent': 'python-requests/2.28.1', 'Accept-Encoding': 'gzip, deflate', 'accept': '*/*', 'Connection': 'keep-alive', 'Content-Type': 'application/json', 'Content-Length': '112'} 
 body=b'{"birthday": "01012001", "gender": "m", "name": "super man", "natid": "nid-12345", "salary": "100", "tax": null}' 
 </msg>
<msg timestamp="20230105 15:25:04.469" level="INFO">POST Response : url=http://localhost:8080/calculator/insert 
 status=500, reason= 
 headers={'Content-Type': 'application/json;charset=UTF-8', 'Transfer-Encoding': 'chunked', 'Date': 'Thu, 05 Jan 2023 07:25:04 GMT', 'Connection': 'close'} 
 body={"timestamp":"2023-01-05T07:25:04.468+0000","status":500,"error":"Internal Server Error","message":"Cannot invoke \"String.toCharArray()\" because \"val\" is null","path":"/calculator/insert"} 
 </msg>
<msg timestamp="20230105 15:25:04.469" level="INFO">${response} = &lt;Response [500]&gt;</msg>
<status status="PASS" starttime="20230105 15:25:04.466" endtime="20230105 15:25:04.469"/>
</kw>
<status status="PASS" starttime="20230105 15:25:04.465" endtime="20230105 15:25:04.469"/>
</kw>
<kw name="POST On Session" library="RequestsLibrary" type="TEARDOWN">
<arg>mysession</arg>
<arg>${clear_db_url}</arg>
<doc>Sends a POST request on a previously created HTTP Session.</doc>
<msg timestamp="20230105 15:25:04.472" level="INFO">POST Request : url=http://localhost:8080/calculator/rakeDatabase 
 path_url=/calculator/rakeDatabase 
 headers={'User-Agent': 'python-requests/2.28.1', 'Accept-Encoding': 'gzip, deflate', 'Accept': '*/*', 'Connection': 'keep-alive', 'Content-Length': '0'} 
 body=None 
 </msg>
<msg timestamp="20230105 15:25:04.472" level="INFO">POST Response : url=http://localhost:8080/calculator/rakeDatabase 
 status=200, reason= 
 headers={'Content-Type': 'text/plain;charset=UTF-8', 'Content-Length': '21', 'Date': 'Thu, 05 Jan 2023 07:25:04 GMT'} 
 body=Successfully raked DB 
 </msg>
<status status="PASS" starttime="20230105 15:25:04.469" endtime="20230105 15:25:04.472"/>
</kw>
<status status="FAIL" starttime="20230105 15:25:04.443" endtime="20230105 15:25:04.472"> "wrong status code - Should not be successful" Url: http://localhost:8080/calculator/insert Expected status: 202 != 500</status>
</test>
<test id="s1-s1-t8" name="Natid Limit Test" line="55">
<kw name="Create Session" library="RequestsLibrary" type="SETUP">
<arg>mysession</arg>
<arg>${base_url}</arg>
<doc>Create Session: create a HTTP session to a server</doc>
<msg timestamp="20230105 15:25:04.472" level="INFO">Creating Session using : alias=mysession, url=http://localhost:8080, headers={},                     cookies={}, auth=None, timeout=None, proxies=None, verify=False,                     debug=0 </msg>
<status status="PASS" starttime="20230105 15:25:04.472" endtime="20230105 15:25:04.473"/>
</kw>
<kw name="Adding hero">
<arg>--Natid Digit</arg>
<arg>1234567</arg>
<arg>super man</arg>
<arg>m</arg>
<arg>01012001</arg>
<arg>100</arg>
<arg>0</arg>
<arg>202</arg>
<arg>""</arg>
<kw name="Create Dictionary" library="BuiltIn">
<var>${body}</var>
<arg>birthday=${birthday}</arg>
<arg>gender=${gender}</arg>
<arg>name=${name}</arg>
<arg>natid=${natid}</arg>
<arg>salary=${salary}</arg>
<arg>tax=${tax}</arg>
<doc>Creates and returns a dictionary based on the given ``items``.</doc>
<msg timestamp="20230105 15:25:04.473" level="INFO">${body} = {'birthday': '01012001', 'gender': 'm', 'name': 'super man', 'natid': '1234567', 'salary': '100', 'tax': '0'}</msg>
<status status="PASS" starttime="20230105 15:25:04.473" endtime="20230105 15:25:04.473"/>
</kw>
<kw name="Create Dictionary" library="BuiltIn">
<var>${header}</var>
<arg>Content-Type=application/json</arg>
<arg>accept=*/*</arg>
<doc>Creates and returns a dictionary based on the given ``items``.</doc>
<msg timestamp="20230105 15:25:04.473" level="INFO">${header} = {'Content-Type': 'application/json', 'accept': '*/*'}</msg>
<status status="PASS" starttime="20230105 15:25:04.473" endtime="20230105 15:25:04.473"/>
</kw>
<kw name="POST" library="RequestsLibrary">
<var>${response}</var>
<arg>url=${base_url}${api_url}</arg>
<arg>json=${body}</arg>
<arg>headers=${header}</arg>
<arg>expected_status=${expected_status_code}</arg>
<arg>msg= ${message}</arg>
<doc>Sends a POST request.</doc>
<msg timestamp="20230105 15:25:04.476" level="INFO">POST Request : url=http://localhost:8080/calculator/insert 
 path_url=/calculator/insert 
 headers={'User-Agent': 'python-requests/2.28.1', 'Accept-Encoding': 'gzip, deflate', 'accept': '*/*', 'Connection': 'keep-alive', 'Content-Type': 'application/json', 'Content-Length': '109'} 
 body=b'{"birthday": "01012001", "gender": "m", "name": "super man", "natid": "1234567", "salary": "100", "tax": "0"}' 
 </msg>
<msg timestamp="20230105 15:25:04.476" level="INFO">POST Response : url=http://localhost:8080/calculator/insert 
 status=202, reason= 
 headers={'Content-Type': 'text/plain;charset=UTF-8', 'Content-Length': '7', 'Date': 'Thu, 05 Jan 2023 07:25:04 GMT'} 
 body=Alright 
 </msg>
<msg timestamp="20230105 15:25:04.476" level="INFO">${response} = &lt;Response [202]&gt;</msg>
<status status="PASS" starttime="20230105 15:25:04.473" endtime="20230105 15:25:04.476"/>
</kw>
<status status="PASS" starttime="20230105 15:25:04.473" endtime="20230105 15:25:04.476"/>
</kw>
<kw name="Adding hero">
<arg>--Natid Character</arg>
<arg>natid</arg>
<arg>super man</arg>
<arg>m</arg>
<arg>01012001</arg>
<arg>100</arg>
<arg>0</arg>
<arg>202</arg>
<arg>""</arg>
<kw name="Create Dictionary" library="BuiltIn">
<var>${body}</var>
<arg>birthday=${birthday}</arg>
<arg>gender=${gender}</arg>
<arg>name=${name}</arg>
<arg>natid=${natid}</arg>
<arg>salary=${salary}</arg>
<arg>tax=${tax}</arg>
<doc>Creates and returns a dictionary based on the given ``items``.</doc>
<msg timestamp="20230105 15:25:04.477" level="INFO">${body} = {'birthday': '01012001', 'gender': 'm', 'name': 'super man', 'natid': 'natid', 'salary': '100', 'tax': '0'}</msg>
<status status="PASS" starttime="20230105 15:25:04.477" endtime="20230105 15:25:04.477"/>
</kw>
<kw name="Create Dictionary" library="BuiltIn">
<var>${header}</var>
<arg>Content-Type=application/json</arg>
<arg>accept=*/*</arg>
<doc>Creates and returns a dictionary based on the given ``items``.</doc>
<msg timestamp="20230105 15:25:04.477" level="INFO">${header} = {'Content-Type': 'application/json', 'accept': '*/*'}</msg>
<status status="PASS" starttime="20230105 15:25:04.477" endtime="20230105 15:25:04.477"/>
</kw>
<kw name="POST" library="RequestsLibrary">
<var>${response}</var>
<arg>url=${base_url}${api_url}</arg>
<arg>json=${body}</arg>
<arg>headers=${header}</arg>
<arg>expected_status=${expected_status_code}</arg>
<arg>msg= ${message}</arg>
<doc>Sends a POST request.</doc>
<msg timestamp="20230105 15:25:04.479" level="INFO">POST Request : url=http://localhost:8080/calculator/insert 
 path_url=/calculator/insert 
 headers={'User-Agent': 'python-requests/2.28.1', 'Accept-Encoding': 'gzip, deflate', 'accept': '*/*', 'Connection': 'keep-alive', 'Content-Type': 'application/json', 'Content-Length': '107'} 
 body=b'{"birthday": "01012001", "gender": "m", "name": "super man", "natid": "natid", "salary": "100", "tax": "0"}' 
 </msg>
<msg timestamp="20230105 15:25:04.479" level="INFO">POST Response : url=http://localhost:8080/calculator/insert 
 status=202, reason= 
 headers={'Content-Type': 'text/plain;charset=UTF-8', 'Content-Length': '7', 'Date': 'Thu, 05 Jan 2023 07:25:04 GMT'} 
 body=Alright 
 </msg>
<msg timestamp="20230105 15:25:04.479" level="INFO">${response} = &lt;Response [202]&gt;</msg>
<status status="PASS" starttime="20230105 15:25:04.477" endtime="20230105 15:25:04.479"/>
</kw>
<status status="PASS" starttime="20230105 15:25:04.476" endtime="20230105 15:25:04.479"/>
</kw>
<kw name="Adding hero">
<arg>--Natid Special Character</arg>
<arg>!@#$%^&amp;*()</arg>
<arg>super man</arg>
<arg>m</arg>
<arg>01012001</arg>
<arg>100</arg>
<arg>0</arg>
<arg>202</arg>
<arg>""</arg>
<kw name="Create Dictionary" library="BuiltIn">
<var>${body}</var>
<arg>birthday=${birthday}</arg>
<arg>gender=${gender}</arg>
<arg>name=${name}</arg>
<arg>natid=${natid}</arg>
<arg>salary=${salary}</arg>
<arg>tax=${tax}</arg>
<doc>Creates and returns a dictionary based on the given ``items``.</doc>
<msg timestamp="20230105 15:25:04.480" level="INFO">${body} = {'birthday': '01012001', 'gender': 'm', 'name': 'super man', 'natid': '!@#$%^&amp;*()', 'salary': '100', 'tax': '0'}</msg>
<status status="PASS" starttime="20230105 15:25:04.479" endtime="20230105 15:25:04.480"/>
</kw>
<kw name="Create Dictionary" library="BuiltIn">
<var>${header}</var>
<arg>Content-Type=application/json</arg>
<arg>accept=*/*</arg>
<doc>Creates and returns a dictionary based on the given ``items``.</doc>
<msg timestamp="20230105 15:25:04.480" level="INFO">${header} = {'Content-Type': 'application/json', 'accept': '*/*'}</msg>
<status status="PASS" starttime="20230105 15:25:04.480" endtime="20230105 15:25:04.480"/>
</kw>
<kw name="POST" library="RequestsLibrary">
<var>${response}</var>
<arg>url=${base_url}${api_url}</arg>
<arg>json=${body}</arg>
<arg>headers=${header}</arg>
<arg>expected_status=${expected_status_code}</arg>
<arg>msg= ${message}</arg>
<doc>Sends a POST request.</doc>
<msg timestamp="20230105 15:25:04.482" level="INFO">POST Request : url=http://localhost:8080/calculator/insert 
 path_url=/calculator/insert 
 headers={'User-Agent': 'python-requests/2.28.1', 'Accept-Encoding': 'gzip, deflate', 'accept': '*/*', 'Connection': 'keep-alive', 'Content-Type': 'application/json', 'Content-Length': '112'} 
 body=b'{"birthday": "01012001", "gender": "m", "name": "super man", "natid": "!@#$%^&amp;*()", "salary": "100", "tax": "0"}' 
 </msg>
<msg timestamp="20230105 15:25:04.482" level="INFO">POST Response : url=http://localhost:8080/calculator/insert 
 status=202, reason= 
 headers={'Content-Type': 'text/plain;charset=UTF-8', 'Content-Length': '7', 'Date': 'Thu, 05 Jan 2023 07:25:04 GMT'} 
 body=Alright 
 </msg>
<msg timestamp="20230105 15:25:04.482" level="INFO">${response} = &lt;Response [202]&gt;</msg>
<status status="PASS" starttime="20230105 15:25:04.480" endtime="20230105 15:25:04.482"/>
</kw>
<status status="PASS" starttime="20230105 15:25:04.479" endtime="20230105 15:25:04.482"/>
</kw>
<kw name="Adding hero">
<arg>--Natid Less Than 3 Character</arg>
<arg>ab</arg>
<arg>super man</arg>
<arg>m</arg>
<arg>01012001</arg>
<arg>100</arg>
<arg>0</arg>
<arg>202</arg>
<arg>""</arg>
<kw name="Create Dictionary" library="BuiltIn">
<var>${body}</var>
<arg>birthday=${birthday}</arg>
<arg>gender=${gender}</arg>
<arg>name=${name}</arg>
<arg>natid=${natid}</arg>
<arg>salary=${salary}</arg>
<arg>tax=${tax}</arg>
<doc>Creates and returns a dictionary based on the given ``items``.</doc>
<msg timestamp="20230105 15:25:04.482" level="INFO">${body} = {'birthday': '01012001', 'gender': 'm', 'name': 'super man', 'natid': 'ab', 'salary': '100', 'tax': '0'}</msg>
<status status="PASS" starttime="20230105 15:25:04.482" endtime="20230105 15:25:04.482"/>
</kw>
<kw name="Create Dictionary" library="BuiltIn">
<var>${header}</var>
<arg>Content-Type=application/json</arg>
<arg>accept=*/*</arg>
<doc>Creates and returns a dictionary based on the given ``items``.</doc>
<msg timestamp="20230105 15:25:04.483" level="INFO">${header} = {'Content-Type': 'application/json', 'accept': '*/*'}</msg>
<status status="PASS" starttime="20230105 15:25:04.482" endtime="20230105 15:25:04.483"/>
</kw>
<kw name="POST" library="RequestsLibrary">
<var>${response}</var>
<arg>url=${base_url}${api_url}</arg>
<arg>json=${body}</arg>
<arg>headers=${header}</arg>
<arg>expected_status=${expected_status_code}</arg>
<arg>msg= ${message}</arg>
<doc>Sends a POST request.</doc>
<msg timestamp="20230105 15:25:04.485" level="INFO">POST Request : url=http://localhost:8080/calculator/insert 
 path_url=/calculator/insert 
 headers={'User-Agent': 'python-requests/2.28.1', 'Accept-Encoding': 'gzip, deflate', 'accept': '*/*', 'Connection': 'keep-alive', 'Content-Type': 'application/json', 'Content-Length': '104'} 
 body=b'{"birthday": "01012001", "gender": "m", "name": "super man", "natid": "ab", "salary": "100", "tax": "0"}' 
 </msg>
<msg timestamp="20230105 15:25:04.485" level="INFO">POST Response : url=http://localhost:8080/calculator/insert 
 status=202, reason= 
 headers={'Content-Type': 'text/plain;charset=UTF-8', 'Content-Length': '7', 'Date': 'Thu, 05 Jan 2023 07:25:04 GMT'} 
 body=Alright 
 </msg>
<msg timestamp="20230105 15:25:04.485" level="INFO">${response} = &lt;Response [202]&gt;</msg>
<status status="PASS" starttime="20230105 15:25:04.483" endtime="20230105 15:25:04.485"/>
</kw>
<status status="PASS" starttime="20230105 15:25:04.482" endtime="20230105 15:25:04.485"/>
</kw>
<kw name="Adding hero">
<arg>--Natid Mix</arg>
<arg>natid-123@123</arg>
<arg>super man</arg>
<arg>m</arg>
<arg>01012001</arg>
<arg>100</arg>
<arg>0</arg>
<arg>202</arg>
<arg>""</arg>
<kw name="Create Dictionary" library="BuiltIn">
<var>${body}</var>
<arg>birthday=${birthday}</arg>
<arg>gender=${gender}</arg>
<arg>name=${name}</arg>
<arg>natid=${natid}</arg>
<arg>salary=${salary}</arg>
<arg>tax=${tax}</arg>
<doc>Creates and returns a dictionary based on the given ``items``.</doc>
<msg timestamp="20230105 15:25:04.485" level="INFO">${body} = {'birthday': '01012001', 'gender': 'm', 'name': 'super man', 'natid': 'natid-123@123', 'salary': '100', 'tax': '0'}</msg>
<status status="PASS" starttime="20230105 15:25:04.485" endtime="20230105 15:25:04.485"/>
</kw>
<kw name="Create Dictionary" library="BuiltIn">
<var>${header}</var>
<arg>Content-Type=application/json</arg>
<arg>accept=*/*</arg>
<doc>Creates and returns a dictionary based on the given ``items``.</doc>
<msg timestamp="20230105 15:25:04.486" level="INFO">${header} = {'Content-Type': 'application/json', 'accept': '*/*'}</msg>
<status status="PASS" starttime="20230105 15:25:04.485" endtime="20230105 15:25:04.486"/>
</kw>
<kw name="POST" library="RequestsLibrary">
<var>${response}</var>
<arg>url=${base_url}${api_url}</arg>
<arg>json=${body}</arg>
<arg>headers=${header}</arg>
<arg>expected_status=${expected_status_code}</arg>
<arg>msg= ${message}</arg>
<doc>Sends a POST request.</doc>
<msg timestamp="20230105 15:25:04.488" level="INFO">POST Request : url=http://localhost:8080/calculator/insert 
 path_url=/calculator/insert 
 headers={'User-Agent': 'python-requests/2.28.1', 'Accept-Encoding': 'gzip, deflate', 'accept': '*/*', 'Connection': 'keep-alive', 'Content-Type': 'application/json', 'Content-Length': '115'} 
 body=b'{"birthday": "01012001", "gender": "m", "name": "super man", "natid": "natid-123@123", "salary": "100", "tax": "0"}' 
 </msg>
<msg timestamp="20230105 15:25:04.488" level="INFO">POST Response : url=http://localhost:8080/calculator/insert 
 status=202, reason= 
 headers={'Content-Type': 'text/plain;charset=UTF-8', 'Content-Length': '7', 'Date': 'Thu, 05 Jan 2023 07:25:04 GMT'} 
 body=Alright 
 </msg>
<msg timestamp="20230105 15:25:04.488" level="INFO">${response} = &lt;Response [202]&gt;</msg>
<status status="PASS" starttime="20230105 15:25:04.486" endtime="20230105 15:25:04.488"/>
</kw>
<status status="PASS" starttime="20230105 15:25:04.485" endtime="20230105 15:25:04.488"/>
</kw>
<kw name="POST On Session" library="RequestsLibrary" type="TEARDOWN">
<arg>mysession</arg>
<arg>${clear_db_url}</arg>
<doc>Sends a POST request on a previously created HTTP Session.</doc>
<msg timestamp="20230105 15:25:04.491" level="INFO">POST Request : url=http://localhost:8080/calculator/rakeDatabase 
 path_url=/calculator/rakeDatabase 
 headers={'User-Agent': 'python-requests/2.28.1', 'Accept-Encoding': 'gzip, deflate', 'Accept': '*/*', 'Connection': 'keep-alive', 'Content-Length': '0'} 
 body=None 
 </msg>
<msg timestamp="20230105 15:25:04.491" level="INFO">POST Response : url=http://localhost:8080/calculator/rakeDatabase 
 status=200, reason= 
 headers={'Content-Type': 'text/plain;charset=UTF-8', 'Content-Length': '21', 'Date': 'Thu, 05 Jan 2023 07:25:04 GMT'} 
 body=Successfully raked DB 
 </msg>
<status status="PASS" starttime="20230105 15:25:04.488" endtime="20230105 15:25:04.491"/>
</kw>
<status status="PASS" starttime="20230105 15:25:04.472" endtime="20230105 15:25:04.491"/>
</test>
<test id="s1-s1-t9" name="Name Limit Test" line="64">
<kw name="Create Session" library="RequestsLibrary" type="SETUP">
<arg>mysession</arg>
<arg>${base_url}</arg>
<doc>Create Session: create a HTTP session to a server</doc>
<msg timestamp="20230105 15:25:04.491" level="INFO">Creating Session using : alias=mysession, url=http://localhost:8080, headers={},                     cookies={}, auth=None, timeout=None, proxies=None, verify=False,                     debug=0 </msg>
<status status="PASS" starttime="20230105 15:25:04.491" endtime="20230105 15:25:04.492"/>
</kw>
<kw name="Adding hero">
<arg>--Name Digit</arg>
<arg>nid-12345</arg>
<arg>1234562</arg>
<arg>m</arg>
<arg>01012001</arg>
<arg>100</arg>
<arg>0</arg>
<arg>500</arg>
<arg>"wrong status code - Number should not be in name"</arg>
<kw name="Create Dictionary" library="BuiltIn">
<var>${body}</var>
<arg>birthday=${birthday}</arg>
<arg>gender=${gender}</arg>
<arg>name=${name}</arg>
<arg>natid=${natid}</arg>
<arg>salary=${salary}</arg>
<arg>tax=${tax}</arg>
<doc>Creates and returns a dictionary based on the given ``items``.</doc>
<msg timestamp="20230105 15:25:04.492" level="INFO">${body} = {'birthday': '01012001', 'gender': 'm', 'name': '1234562', 'natid': 'nid-12345', 'salary': '100', 'tax': '0'}</msg>
<status status="PASS" starttime="20230105 15:25:04.492" endtime="20230105 15:25:04.492"/>
</kw>
<kw name="Create Dictionary" library="BuiltIn">
<var>${header}</var>
<arg>Content-Type=application/json</arg>
<arg>accept=*/*</arg>
<doc>Creates and returns a dictionary based on the given ``items``.</doc>
<msg timestamp="20230105 15:25:04.492" level="INFO">${header} = {'Content-Type': 'application/json', 'accept': '*/*'}</msg>
<status status="PASS" starttime="20230105 15:25:04.492" endtime="20230105 15:25:04.492"/>
</kw>
<kw name="POST" library="RequestsLibrary">
<var>${response}</var>
<arg>url=${base_url}${api_url}</arg>
<arg>json=${body}</arg>
<arg>headers=${header}</arg>
<arg>expected_status=${expected_status_code}</arg>
<arg>msg= ${message}</arg>
<doc>Sends a POST request.</doc>
<msg timestamp="20230105 15:25:04.494" level="INFO">POST Request : url=http://localhost:8080/calculator/insert 
 path_url=/calculator/insert 
 headers={'User-Agent': 'python-requests/2.28.1', 'Accept-Encoding': 'gzip, deflate', 'accept': '*/*', 'Connection': 'keep-alive', 'Content-Type': 'application/json', 'Content-Length': '109'} 
 body=b'{"birthday": "01012001", "gender": "m", "name": "1234562", "natid": "nid-12345", "salary": "100", "tax": "0"}' 
 </msg>
<msg timestamp="20230105 15:25:04.494" level="INFO">POST Response : url=http://localhost:8080/calculator/insert 
 status=202, reason= 
 headers={'Content-Type': 'text/plain;charset=UTF-8', 'Content-Length': '7', 'Date': 'Thu, 05 Jan 2023 07:25:04 GMT'} 
 body=Alright 
 </msg>
<msg timestamp="20230105 15:25:04.494" level="FAIL"> "wrong status code - Number should not be in name" Url: http://localhost:8080/calculator/insert Expected status: 202 != 500</msg>
<status status="FAIL" starttime="20230105 15:25:04.492" endtime="20230105 15:25:04.495"/>
</kw>
<status status="FAIL" starttime="20230105 15:25:04.492" endtime="20230105 15:25:04.495"/>
</kw>
<kw name="Adding hero">
<arg>--Name Character</arg>
<arg>nid-12345</arg>
<arg>Super man</arg>
<arg>m</arg>
<arg>01012001</arg>
<arg>100</arg>
<arg>0</arg>
<arg>202</arg>
<arg>""</arg>
<kw name="Create Dictionary" library="BuiltIn">
<var>${body}</var>
<arg>birthday=${birthday}</arg>
<arg>gender=${gender}</arg>
<arg>name=${name}</arg>
<arg>natid=${natid}</arg>
<arg>salary=${salary}</arg>
<arg>tax=${tax}</arg>
<doc>Creates and returns a dictionary based on the given ``items``.</doc>
<msg timestamp="20230105 15:25:04.495" level="INFO">${body} = {'birthday': '01012001', 'gender': 'm', 'name': 'Super man', 'natid': 'nid-12345', 'salary': '100', 'tax': '0'}</msg>
<status status="PASS" starttime="20230105 15:25:04.495" endtime="20230105 15:25:04.495"/>
</kw>
<kw name="Create Dictionary" library="BuiltIn">
<var>${header}</var>
<arg>Content-Type=application/json</arg>
<arg>accept=*/*</arg>
<doc>Creates and returns a dictionary based on the given ``items``.</doc>
<msg timestamp="20230105 15:25:04.495" level="INFO">${header} = {'Content-Type': 'application/json', 'accept': '*/*'}</msg>
<status status="PASS" starttime="20230105 15:25:04.495" endtime="20230105 15:25:04.495"/>
</kw>
<kw name="POST" library="RequestsLibrary">
<var>${response}</var>
<arg>url=${base_url}${api_url}</arg>
<arg>json=${body}</arg>
<arg>headers=${header}</arg>
<arg>expected_status=${expected_status_code}</arg>
<arg>msg= ${message}</arg>
<doc>Sends a POST request.</doc>
<msg timestamp="20230105 15:25:04.498" level="INFO">POST Request : url=http://localhost:8080/calculator/insert 
 path_url=/calculator/insert 
 headers={'User-Agent': 'python-requests/2.28.1', 'Accept-Encoding': 'gzip, deflate', 'accept': '*/*', 'Connection': 'keep-alive', 'Content-Type': 'application/json', 'Content-Length': '111'} 
 body=b'{"birthday": "01012001", "gender": "m", "name": "Super man", "natid": "nid-12345", "salary": "100", "tax": "0"}' 
 </msg>
<msg timestamp="20230105 15:25:04.498" level="INFO">POST Response : url=http://localhost:8080/calculator/insert 
 status=202, reason= 
 headers={'Content-Type': 'text/plain;charset=UTF-8', 'Content-Length': '7', 'Date': 'Thu, 05 Jan 2023 07:25:04 GMT'} 
 body=Alright 
 </msg>
<msg timestamp="20230105 15:25:04.498" level="INFO">${response} = &lt;Response [202]&gt;</msg>
<status status="PASS" starttime="20230105 15:25:04.495" endtime="20230105 15:25:04.498"/>
</kw>
<status status="PASS" starttime="20230105 15:25:04.495" endtime="20230105 15:25:04.498"/>
</kw>
<kw name="Adding hero">
<arg>--Name Special Character</arg>
<arg>nid-12345</arg>
<arg>@!#$%^&amp;*()</arg>
<arg>m</arg>
<arg>01012001</arg>
<arg>100</arg>
<arg>0</arg>
<arg>202</arg>
<arg>""</arg>
<kw name="Create Dictionary" library="BuiltIn">
<var>${body}</var>
<arg>birthday=${birthday}</arg>
<arg>gender=${gender}</arg>
<arg>name=${name}</arg>
<arg>natid=${natid}</arg>
<arg>salary=${salary}</arg>
<arg>tax=${tax}</arg>
<doc>Creates and returns a dictionary based on the given ``items``.</doc>
<msg timestamp="20230105 15:25:04.498" level="INFO">${body} = {'birthday': '01012001', 'gender': 'm', 'name': '@!#$%^&amp;*()', 'natid': 'nid-12345', 'salary': '100', 'tax': '0'}</msg>
<status status="PASS" starttime="20230105 15:25:04.498" endtime="20230105 15:25:04.498"/>
</kw>
<kw name="Create Dictionary" library="BuiltIn">
<var>${header}</var>
<arg>Content-Type=application/json</arg>
<arg>accept=*/*</arg>
<doc>Creates and returns a dictionary based on the given ``items``.</doc>
<msg timestamp="20230105 15:25:04.498" level="INFO">${header} = {'Content-Type': 'application/json', 'accept': '*/*'}</msg>
<status status="PASS" starttime="20230105 15:25:04.498" endtime="20230105 15:25:04.498"/>
</kw>
<kw name="POST" library="RequestsLibrary">
<var>${response}</var>
<arg>url=${base_url}${api_url}</arg>
<arg>json=${body}</arg>
<arg>headers=${header}</arg>
<arg>expected_status=${expected_status_code}</arg>
<arg>msg= ${message}</arg>
<doc>Sends a POST request.</doc>
<msg timestamp="20230105 15:25:04.501" level="INFO">POST Request : url=http://localhost:8080/calculator/insert 
 path_url=/calculator/insert 
 headers={'User-Agent': 'python-requests/2.28.1', 'Accept-Encoding': 'gzip, deflate', 'accept': '*/*', 'Connection': 'keep-alive', 'Content-Type': 'application/json', 'Content-Length': '112'} 
 body=b'{"birthday": "01012001", "gender": "m", "name": "@!#$%^&amp;*()", "natid": "nid-12345", "salary": "100", "tax": "0"}' 
 </msg>
<msg timestamp="20230105 15:25:04.501" level="INFO">POST Response : url=http://localhost:8080/calculator/insert 
 status=202, reason= 
 headers={'Content-Type': 'text/plain;charset=UTF-8', 'Content-Length': '7', 'Date': 'Thu, 05 Jan 2023 07:25:04 GMT'} 
 body=Alright 
 </msg>
<msg timestamp="20230105 15:25:04.501" level="INFO">${response} = &lt;Response [202]&gt;</msg>
<status status="PASS" starttime="20230105 15:25:04.498" endtime="20230105 15:25:04.501"/>
</kw>
<status status="PASS" starttime="20230105 15:25:04.498" endtime="20230105 15:25:04.501"/>
</kw>
<kw name="Adding hero">
<arg>--Name Less Than 3 Character</arg>
<arg>nid-12345</arg>
<arg>Hi</arg>
<arg>m</arg>
<arg>01012001</arg>
<arg>100</arg>
<arg>0</arg>
<arg>202</arg>
<arg>""</arg>
<kw name="Create Dictionary" library="BuiltIn">
<var>${body}</var>
<arg>birthday=${birthday}</arg>
<arg>gender=${gender}</arg>
<arg>name=${name}</arg>
<arg>natid=${natid}</arg>
<arg>salary=${salary}</arg>
<arg>tax=${tax}</arg>
<doc>Creates and returns a dictionary based on the given ``items``.</doc>
<msg timestamp="20230105 15:25:04.501" level="INFO">${body} = {'birthday': '01012001', 'gender': 'm', 'name': 'Hi', 'natid': 'nid-12345', 'salary': '100', 'tax': '0'}</msg>
<status status="PASS" starttime="20230105 15:25:04.501" endtime="20230105 15:25:04.501"/>
</kw>
<kw name="Create Dictionary" library="BuiltIn">
<var>${header}</var>
<arg>Content-Type=application/json</arg>
<arg>accept=*/*</arg>
<doc>Creates and returns a dictionary based on the given ``items``.</doc>
<msg timestamp="20230105 15:25:04.501" level="INFO">${header} = {'Content-Type': 'application/json', 'accept': '*/*'}</msg>
<status status="PASS" starttime="20230105 15:25:04.501" endtime="20230105 15:25:04.501"/>
</kw>
<kw name="POST" library="RequestsLibrary">
<var>${response}</var>
<arg>url=${base_url}${api_url}</arg>
<arg>json=${body}</arg>
<arg>headers=${header}</arg>
<arg>expected_status=${expected_status_code}</arg>
<arg>msg= ${message}</arg>
<doc>Sends a POST request.</doc>
<msg timestamp="20230105 15:25:04.504" level="INFO">POST Request : url=http://localhost:8080/calculator/insert 
 path_url=/calculator/insert 
 headers={'User-Agent': 'python-requests/2.28.1', 'Accept-Encoding': 'gzip, deflate', 'accept': '*/*', 'Connection': 'keep-alive', 'Content-Type': 'application/json', 'Content-Length': '104'} 
 body=b'{"birthday": "01012001", "gender": "m", "name": "Hi", "natid": "nid-12345", "salary": "100", "tax": "0"}' 
 </msg>
<msg timestamp="20230105 15:25:04.504" level="INFO">POST Response : url=http://localhost:8080/calculator/insert 
 status=202, reason= 
 headers={'Content-Type': 'text/plain;charset=UTF-8', 'Content-Length': '7', 'Date': 'Thu, 05 Jan 2023 07:25:04 GMT'} 
 body=Alright 
 </msg>
<msg timestamp="20230105 15:25:04.504" level="INFO">${response} = &lt;Response [202]&gt;</msg>
<status status="PASS" starttime="20230105 15:25:04.501" endtime="20230105 15:25:04.504"/>
</kw>
<status status="PASS" starttime="20230105 15:25:04.501" endtime="20230105 15:25:04.504"/>
</kw>
<kw name="Adding hero">
<arg>--Natid Mix</arg>
<arg>nid-12345</arg>
<arg>Super Man @ Hi</arg>
<arg>m</arg>
<arg>01012001</arg>
<arg>100</arg>
<arg>0</arg>
<arg>202</arg>
<arg>""</arg>
<kw name="Create Dictionary" library="BuiltIn">
<var>${body}</var>
<arg>birthday=${birthday}</arg>
<arg>gender=${gender}</arg>
<arg>name=${name}</arg>
<arg>natid=${natid}</arg>
<arg>salary=${salary}</arg>
<arg>tax=${tax}</arg>
<doc>Creates and returns a dictionary based on the given ``items``.</doc>
<msg timestamp="20230105 15:25:04.504" level="INFO">${body} = {'birthday': '01012001', 'gender': 'm', 'name': 'Super Man @ Hi', 'natid': 'nid-12345', 'salary': '100', 'tax': '0'}</msg>
<status status="PASS" starttime="20230105 15:25:04.504" endtime="20230105 15:25:04.504"/>
</kw>
<kw name="Create Dictionary" library="BuiltIn">
<var>${header}</var>
<arg>Content-Type=application/json</arg>
<arg>accept=*/*</arg>
<doc>Creates and returns a dictionary based on the given ``items``.</doc>
<msg timestamp="20230105 15:25:04.504" level="INFO">${header} = {'Content-Type': 'application/json', 'accept': '*/*'}</msg>
<status status="PASS" starttime="20230105 15:25:04.504" endtime="20230105 15:25:04.504"/>
</kw>
<kw name="POST" library="RequestsLibrary">
<var>${response}</var>
<arg>url=${base_url}${api_url}</arg>
<arg>json=${body}</arg>
<arg>headers=${header}</arg>
<arg>expected_status=${expected_status_code}</arg>
<arg>msg= ${message}</arg>
<doc>Sends a POST request.</doc>
<msg timestamp="20230105 15:25:04.507" level="INFO">POST Request : url=http://localhost:8080/calculator/insert 
 path_url=/calculator/insert 
 headers={'User-Agent': 'python-requests/2.28.1', 'Accept-Encoding': 'gzip, deflate', 'accept': '*/*', 'Connection': 'keep-alive', 'Content-Type': 'application/json', 'Content-Length': '116'} 
 body=b'{"birthday": "01012001", "gender": "m", "name": "Super Man @ Hi", "natid": "nid-12345", "salary": "100", "tax": "0"}' 
 </msg>
<msg timestamp="20230105 15:25:04.507" level="INFO">POST Response : url=http://localhost:8080/calculator/insert 
 status=202, reason= 
 headers={'Content-Type': 'text/plain;charset=UTF-8', 'Content-Length': '7', 'Date': 'Thu, 05 Jan 2023 07:25:04 GMT'} 
 body=Alright 
 </msg>
<msg timestamp="20230105 15:25:04.507" level="INFO">${response} = &lt;Response [202]&gt;</msg>
<status status="PASS" starttime="20230105 15:25:04.504" endtime="20230105 15:25:04.507"/>
</kw>
<status status="PASS" starttime="20230105 15:25:04.504" endtime="20230105 15:25:04.507"/>
</kw>
<kw name="POST On Session" library="RequestsLibrary" type="TEARDOWN">
<arg>mysession</arg>
<arg>${clear_db_url}</arg>
<doc>Sends a POST request on a previously created HTTP Session.</doc>
<msg timestamp="20230105 15:25:04.510" level="INFO">POST Request : url=http://localhost:8080/calculator/rakeDatabase 
 path_url=/calculator/rakeDatabase 
 headers={'User-Agent': 'python-requests/2.28.1', 'Accept-Encoding': 'gzip, deflate', 'Accept': '*/*', 'Connection': 'keep-alive', 'Content-Length': '0'} 
 body=None 
 </msg>
<msg timestamp="20230105 15:25:04.510" level="INFO">POST Response : url=http://localhost:8080/calculator/rakeDatabase 
 status=200, reason= 
 headers={'Content-Type': 'text/plain;charset=UTF-8', 'Content-Length': '21', 'Date': 'Thu, 05 Jan 2023 07:25:04 GMT'} 
 body=Successfully raked DB 
 </msg>
<status status="PASS" starttime="20230105 15:25:04.507" endtime="20230105 15:25:04.510"/>
</kw>
<status status="FAIL" starttime="20230105 15:25:04.491" endtime="20230105 15:25:04.510"> "wrong status code - Number should not be in name" Url: http://localhost:8080/calculator/insert Expected status: 202 != 500</status>
</test>
<test id="s1-s1-t10" name="Gender Limit Test" line="73">
<kw name="Create Session" library="RequestsLibrary" type="SETUP">
<arg>mysession</arg>
<arg>${base_url}</arg>
<doc>Create Session: create a HTTP session to a server</doc>
<msg timestamp="20230105 15:25:04.510" level="INFO">Creating Session using : alias=mysession, url=http://localhost:8080, headers={},                     cookies={}, auth=None, timeout=None, proxies=None, verify=False,                     debug=0 </msg>
<status status="PASS" starttime="20230105 15:25:04.510" endtime="20230105 15:25:04.510"/>
</kw>
<kw name="Adding hero">
<arg>--Gender Digit</arg>
<arg>nid-12345</arg>
<arg>Super man</arg>
<arg>1</arg>
<arg>01012001</arg>
<arg>100</arg>
<arg>0</arg>
<arg>500</arg>
<arg>"wrong status code - Gender should not be digit"</arg>
<kw name="Create Dictionary" library="BuiltIn">
<var>${body}</var>
<arg>birthday=${birthday}</arg>
<arg>gender=${gender}</arg>
<arg>name=${name}</arg>
<arg>natid=${natid}</arg>
<arg>salary=${salary}</arg>
<arg>tax=${tax}</arg>
<doc>Creates and returns a dictionary based on the given ``items``.</doc>
<msg timestamp="20230105 15:25:04.511" level="INFO">${body} = {'birthday': '01012001', 'gender': '1', 'name': 'Super man', 'natid': 'nid-12345', 'salary': '100', 'tax': '0'}</msg>
<status status="PASS" starttime="20230105 15:25:04.511" endtime="20230105 15:25:04.511"/>
</kw>
<kw name="Create Dictionary" library="BuiltIn">
<var>${header}</var>
<arg>Content-Type=application/json</arg>
<arg>accept=*/*</arg>
<doc>Creates and returns a dictionary based on the given ``items``.</doc>
<msg timestamp="20230105 15:25:04.511" level="INFO">${header} = {'Content-Type': 'application/json', 'accept': '*/*'}</msg>
<status status="PASS" starttime="20230105 15:25:04.511" endtime="20230105 15:25:04.511"/>
</kw>
<kw name="POST" library="RequestsLibrary">
<var>${response}</var>
<arg>url=${base_url}${api_url}</arg>
<arg>json=${body}</arg>
<arg>headers=${header}</arg>
<arg>expected_status=${expected_status_code}</arg>
<arg>msg= ${message}</arg>
<doc>Sends a POST request.</doc>
<msg timestamp="20230105 15:25:04.513" level="INFO">POST Request : url=http://localhost:8080/calculator/insert 
 path_url=/calculator/insert 
 headers={'User-Agent': 'python-requests/2.28.1', 'Accept-Encoding': 'gzip, deflate', 'accept': '*/*', 'Connection': 'keep-alive', 'Content-Type': 'application/json', 'Content-Length': '111'} 
 body=b'{"birthday": "01012001", "gender": "1", "name": "Super man", "natid": "nid-12345", "salary": "100", "tax": "0"}' 
 </msg>
<msg timestamp="20230105 15:25:04.513" level="INFO">POST Response : url=http://localhost:8080/calculator/insert 
 status=202, reason= 
 headers={'Content-Type': 'text/plain;charset=UTF-8', 'Content-Length': '7', 'Date': 'Thu, 05 Jan 2023 07:25:04 GMT'} 
 body=Alright 
 </msg>
<msg timestamp="20230105 15:25:04.513" level="FAIL"> "wrong status code - Gender should not be digit" Url: http://localhost:8080/calculator/insert Expected status: 202 != 500</msg>
<status status="FAIL" starttime="20230105 15:25:04.511" endtime="20230105 15:25:04.514"/>
</kw>
<status status="FAIL" starttime="20230105 15:25:04.510" endtime="20230105 15:25:04.514"/>
</kw>
<kw name="Adding hero">
<arg>--Gender Char Other Than m or f</arg>
<arg>nid-12345</arg>
<arg>Super man</arg>
<arg>a</arg>
<arg>01012001</arg>
<arg>100</arg>
<arg>0</arg>
<arg>500</arg>
<arg>"wrong status code - Gender should not be other char than m or f"</arg>
<kw name="Create Dictionary" library="BuiltIn">
<var>${body}</var>
<arg>birthday=${birthday}</arg>
<arg>gender=${gender}</arg>
<arg>name=${name}</arg>
<arg>natid=${natid}</arg>
<arg>salary=${salary}</arg>
<arg>tax=${tax}</arg>
<doc>Creates and returns a dictionary based on the given ``items``.</doc>
<msg timestamp="20230105 15:25:04.514" level="INFO">${body} = {'birthday': '01012001', 'gender': 'a', 'name': 'Super man', 'natid': 'nid-12345', 'salary': '100', 'tax': '0'}</msg>
<status status="PASS" starttime="20230105 15:25:04.514" endtime="20230105 15:25:04.514"/>
</kw>
<kw name="Create Dictionary" library="BuiltIn">
<var>${header}</var>
<arg>Content-Type=application/json</arg>
<arg>accept=*/*</arg>
<doc>Creates and returns a dictionary based on the given ``items``.</doc>
<msg timestamp="20230105 15:25:04.514" level="INFO">${header} = {'Content-Type': 'application/json', 'accept': '*/*'}</msg>
<status status="PASS" starttime="20230105 15:25:04.514" endtime="20230105 15:25:04.514"/>
</kw>
<kw name="POST" library="RequestsLibrary">
<var>${response}</var>
<arg>url=${base_url}${api_url}</arg>
<arg>json=${body}</arg>
<arg>headers=${header}</arg>
<arg>expected_status=${expected_status_code}</arg>
<arg>msg= ${message}</arg>
<doc>Sends a POST request.</doc>
<msg timestamp="20230105 15:25:04.517" level="INFO">POST Request : url=http://localhost:8080/calculator/insert 
 path_url=/calculator/insert 
 headers={'User-Agent': 'python-requests/2.28.1', 'Accept-Encoding': 'gzip, deflate', 'accept': '*/*', 'Connection': 'keep-alive', 'Content-Type': 'application/json', 'Content-Length': '111'} 
 body=b'{"birthday": "01012001", "gender": "a", "name": "Super man", "natid": "nid-12345", "salary": "100", "tax": "0"}' 
 </msg>
<msg timestamp="20230105 15:25:04.517" level="INFO">POST Response : url=http://localhost:8080/calculator/insert 
 status=202, reason= 
 headers={'Content-Type': 'text/plain;charset=UTF-8', 'Content-Length': '7', 'Date': 'Thu, 05 Jan 2023 07:25:04 GMT'} 
 body=Alright 
 </msg>
<msg timestamp="20230105 15:25:04.517" level="FAIL"> "wrong status code - Gender should not be other char than m or f" Url: http://localhost:8080/calculator/insert Expected status: 202 != 500</msg>
<status status="FAIL" starttime="20230105 15:25:04.514" endtime="20230105 15:25:04.517"/>
</kw>
<status status="FAIL" starttime="20230105 15:25:04.514" endtime="20230105 15:25:04.517"/>
</kw>
<kw name="Adding hero">
<arg>--Gender Special Character</arg>
<arg>nid-12345</arg>
<arg>Super man</arg>
<arg>@</arg>
<arg>01012001</arg>
<arg>100</arg>
<arg>0</arg>
<arg>500</arg>
<arg>"wrong status code - Gender should not be special character"</arg>
<kw name="Create Dictionary" library="BuiltIn">
<var>${body}</var>
<arg>birthday=${birthday}</arg>
<arg>gender=${gender}</arg>
<arg>name=${name}</arg>
<arg>natid=${natid}</arg>
<arg>salary=${salary}</arg>
<arg>tax=${tax}</arg>
<doc>Creates and returns a dictionary based on the given ``items``.</doc>
<msg timestamp="20230105 15:25:04.517" level="INFO">${body} = {'birthday': '01012001', 'gender': '@', 'name': 'Super man', 'natid': 'nid-12345', 'salary': '100', 'tax': '0'}</msg>
<status status="PASS" starttime="20230105 15:25:04.517" endtime="20230105 15:25:04.517"/>
</kw>
<kw name="Create Dictionary" library="BuiltIn">
<var>${header}</var>
<arg>Content-Type=application/json</arg>
<arg>accept=*/*</arg>
<doc>Creates and returns a dictionary based on the given ``items``.</doc>
<msg timestamp="20230105 15:25:04.518" level="INFO">${header} = {'Content-Type': 'application/json', 'accept': '*/*'}</msg>
<status status="PASS" starttime="20230105 15:25:04.517" endtime="20230105 15:25:04.518"/>
</kw>
<kw name="POST" library="RequestsLibrary">
<var>${response}</var>
<arg>url=${base_url}${api_url}</arg>
<arg>json=${body}</arg>
<arg>headers=${header}</arg>
<arg>expected_status=${expected_status_code}</arg>
<arg>msg= ${message}</arg>
<doc>Sends a POST request.</doc>
<msg timestamp="20230105 15:25:04.520" level="INFO">POST Request : url=http://localhost:8080/calculator/insert 
 path_url=/calculator/insert 
 headers={'User-Agent': 'python-requests/2.28.1', 'Accept-Encoding': 'gzip, deflate', 'accept': '*/*', 'Connection': 'keep-alive', 'Content-Type': 'application/json', 'Content-Length': '111'} 
 body=b'{"birthday": "01012001", "gender": "@", "name": "Super man", "natid": "nid-12345", "salary": "100", "tax": "0"}' 
 </msg>
<msg timestamp="20230105 15:25:04.520" level="INFO">POST Response : url=http://localhost:8080/calculator/insert 
 status=202, reason= 
 headers={'Content-Type': 'text/plain;charset=UTF-8', 'Content-Length': '7', 'Date': 'Thu, 05 Jan 2023 07:25:04 GMT'} 
 body=Alright 
 </msg>
[...]
</kw>
<kw name="Run Keyword And Warn On Failure" library="BuiltIn">
<arg>should be equal</arg>
<arg>${content}[relief]</arg>
<arg>${expected_relief}</arg>
<arg>name=${msg}-${comment}</arg>
<doc>Runs the specified keyword logs a warning if the keyword fails.</doc>
<kw name="Should Be Equal" library="BuiltIn">
<arg>${content}[relief]</arg>
<arg>${expected_relief}</arg>
<arg>name=${msg}-${comment}</arg>
<doc>Fails if the given objects are unequal.</doc>
<status status="PASS" starttime="20230105 15:25:05.254" endtime="20230105 15:25:05.254"/>
</kw>
<status status="PASS" starttime="20230105 15:25:05.254" endtime="20230105 15:25:05.254"/>
</kw>
<kw name="POST On Session" library="RequestsLibrary">
<arg>mysession</arg>
<arg>${clear_db_url}</arg>
<doc>Sends a POST request on a previously created HTTP Session.</doc>
<msg timestamp="20230105 15:25:05.256" level="INFO">POST Request : url=http://localhost:8080/calculator/rakeDatabase 
 path_url=/calculator/rakeDatabase 
 headers={'User-Agent': 'python-requests/2.28.1', 'Accept-Encoding': 'gzip, deflate', 'Accept': '*/*', 'Connection': 'keep-alive', 'Content-Length': '0'} 
 body=None 
 </msg>
<msg timestamp="20230105 15:25:05.256" level="INFO">POST Response : url=http://localhost:8080/calculator/rakeDatabase 
 status=200, reason= 
 headers={'Content-Type': 'text/plain;charset=UTF-8', 'Content-Length': '21', 'Date': 'Thu, 05 Jan 2023 07:25:04 GMT'} 
 body=Successfully raked DB 
 </msg>
<status status="PASS" starttime="20230105 15:25:05.254" endtime="20230105 15:25:05.256"/>
</kw>
<status status="PASS" starttime="20230105 15:25:05.247" endtime="20230105 15:25:05.256"/>
</kw>
<kw name="POST On Session" library="RequestsLibrary" type="TEARDOWN">
<arg>mysession</arg>
<arg>${clear_db_url}</arg>
<doc>Sends a POST request on a previously created HTTP Session.</doc>
<msg timestamp="20230105 15:25:05.258" level="INFO">POST Request : url=http://localhost:8080/calculator/rakeDatabase 
 path_url=/calculator/rakeDatabase 
 headers={'User-Agent': 'python-requests/2.28.1', 'Accept-Encoding': 'gzip, deflate', 'Accept': '*/*', 'Connection': 'keep-alive', 'Content-Length': '0'} 
 body=None 
 </msg>
<msg timestamp="20230105 15:25:05.258" level="INFO">POST Response : url=http://localhost:8080/calculator/rakeDatabase 
 status=200, reason= 
 headers={'Content-Type': 'text/plain;charset=UTF-8', 'Content-Length': '21', 'Date': 'Thu, 05 Jan 2023 07:25:04 GMT'} 
 body=Successfully raked DB 
 </msg>
<status status="PASS" starttime="20230105 15:25:05.257" endtime="20230105 15:25:05.258"/>
</kw>
<status status="PASS" starttime="20230105 15:25:05.247" endtime="20230105 15:25:05.258"/>
</test>
<test id="s1-s4-t8" name="Checking Truncating with upper rounding" line="104">
<kw name="Create Session" library="RequestsLibrary" type="SETUP">
<arg>mysession</arg>
<arg>${base_url}</arg>
<doc>Create Session: create a HTTP session to a server</doc>
<msg timestamp="20230105 15:25:05.258" level="INFO">Creating Session using : alias=mysession, url=http://localhost:8080, headers={},                     cookies={}, auth=None, timeout=None, proxies=None, verify=False,                     debug=0 </msg>
<status status="PASS" starttime="20230105 15:25:05.258" endtime="20230105 15:25:05.258"/>
</kw>
<kw name="Check relief">
<arg>--Relief Is 1979.595</arg>
<arg>m</arg>
<arg>01012005</arg>
<arg>2000</arg>
<arg>20.405</arg>
<arg>1980.00</arg>
<arg>Truncating is working but rounding up is not</arg>
<kw name="Create Dictionary" library="BuiltIn">
<var>${body}</var>
<arg>birthday=${birthday}</arg>
<arg>gender=${gender}</arg>
<arg>name=super man</arg>
<arg>natid=12345</arg>
<arg>salary=${salary}</arg>
<arg>tax=${tax}</arg>
<doc>Creates and returns a dictionary based on the given ``items``.</doc>
<msg timestamp="20230105 15:25:05.259" level="INFO">${body} = {'birthday': '01012005', 'gender': 'm', 'name': 'super man', 'natid': '12345', 'salary': '2000', 'tax': '20.405'}</msg>
<status status="PASS" starttime="20230105 15:25:05.259" endtime="20230105 15:25:05.259"/>
</kw>
<kw name="Create Dictionary" library="BuiltIn">
<var>${header}</var>
<arg>Content-Type=application/json</arg>
<arg>accept=*/*</arg>
<doc>Creates and returns a dictionary based on the given ``items``.</doc>
<msg timestamp="20230105 15:25:05.259" level="INFO">${header} = {'Content-Type': 'application/json', 'accept': '*/*'}</msg>
<status status="PASS" starttime="20230105 15:25:05.259" endtime="20230105 15:25:05.259"/>
</kw>
<kw name="POST" library="RequestsLibrary">
<var>${response}</var>
<arg>url=${base_url}${single_url}</arg>
<arg>json=${body}</arg>
<arg>headers=${header}</arg>
<arg>expected_status=202</arg>
<doc>Sends a POST request.</doc>
<msg timestamp="20230105 15:25:05.261" level="INFO">POST Request : url=http://localhost:8080/calculator/insert 
 path_url=/calculator/insert 
 headers={'User-Agent': 'python-requests/2.28.1', 'Accept-Encoding': 'gzip, deflate', 'accept': '*/*', 'Connection': 'keep-alive', 'Content-Type': 'application/json', 'Content-Length': '113'} 
 body=b'{"birthday": "01012005", "gender": "m", "name": "super man", "natid": "12345", "salary": "2000", "tax": "20.405"}' 
 </msg>
<msg timestamp="20230105 15:25:05.261" level="INFO">POST Response : url=http://localhost:8080/calculator/insert 
 status=202, reason= 
 headers={'Content-Type': 'text/plain;charset=UTF-8', 'Content-Length': '7', 'Date': 'Thu, 05 Jan 2023 07:25:04 GMT'} 
 body=Alright 
 </msg>
<msg timestamp="20230105 15:25:05.261" level="INFO">${response} = &lt;Response [202]&gt;</msg>
<status status="PASS" starttime="20230105 15:25:05.259" endtime="20230105 15:25:05.261"/>
</kw>
<kw name="GET" library="RequestsLibrary">
<var>${response}</var>
<arg>${base_url}${tax_url}</arg>
<arg>headers=${header}</arg>
<doc>Sends a GET request.</doc>
<msg timestamp="20230105 15:25:05.263" level="INFO">GET Request : url=http://localhost:8080/calculator/taxRelief 
 path_url=/calculator/taxRelief 
 headers={'User-Agent': 'python-requests/2.28.1', 'Accept-Encoding': 'gzip, deflate', 'accept': '*/*', 'Connection': 'keep-alive', 'Content-Type': 'application/json'} 
 body=None 
 </msg>
<msg timestamp="20230105 15:25:05.263" level="INFO">GET Response : url=http://localhost:8080/calculator/taxRelief 
 status=200, reason= 
 headers={'Content-Type': 'application/json;charset=UTF-8', 'Transfer-Encoding': 'chunked', 'Date': 'Thu, 05 Jan 2023 07:25:04 GMT'} 
 body=[{"natid":"1234$","name":"super man","relief":"1979.59"}] 
 </msg>
<msg timestamp="20230105 15:25:05.263" level="INFO">${response} = &lt;Response [200]&gt;</msg>
<status status="PASS" starttime="20230105 15:25:05.261" endtime="20230105 15:25:05.263"/>
</kw>
<kw name="Convert To String" library="BuiltIn">
<var>${status_code}</var>
<arg>${response.status_code}</arg>
<doc>Converts the given item to a Unicode string.</doc>
<msg timestamp="20230105 15:25:05.264" level="INFO">${status_code} = 200</msg>
<status status="PASS" starttime="20230105 15:25:05.264" endtime="20230105 15:25:05.264"/>
</kw>
<kw name="Should Be Equal" library="BuiltIn">
<arg>${status_code}</arg>
<arg>200</arg>
<doc>Fails if the given objects are unequal.</doc>
<status status="PASS" starttime="20230105 15:25:05.264" endtime="20230105 15:25:05.264"/>
</kw>
<kw name="Evaluate" library="BuiltIn">
<var>${contents}</var>
<arg>json.loads('''${response.content}''')</arg>
<arg>json</arg>
<doc>Evaluates the given expression in Python and returns the result.</doc>
<msg timestamp="20230105 15:25:05.264" level="INFO">${contents} = [{'natid': '1234$', 'name': 'super man', 'relief': '1979.59'}]</msg>
<status status="PASS" starttime="20230105 15:25:05.264" endtime="20230105 15:25:05.264"/>
</kw>
<kw name="Copy Dictionary" library="Collections">
<var>${content}</var>
<arg>${contents}[0]</arg>
<doc>Returns a copy of the given dictionary.</doc>
<msg timestamp="20230105 15:25:05.264" level="INFO">${content} = {'natid': '1234$', 'name': 'super man', 'relief': '1979.59'}</msg>
<status status="PASS" starttime="20230105 15:25:05.264" endtime="20230105 15:25:05.264"/>
</kw>
<kw name="Run Keyword And Warn On Failure" library="BuiltIn">
<arg>should be equal</arg>
<arg>${content}[relief]</arg>
<arg>${expected_relief}</arg>
<arg>name=${msg}-${comment}</arg>
<doc>Runs the specified keyword logs a warning if the keyword fails.</doc>
<kw name="Should Be Equal" library="BuiltIn">
<arg>${content}[relief]</arg>
<arg>${expected_relief}</arg>
<arg>name=${msg}-${comment}</arg>
<doc>Fails if the given objects are unequal.</doc>
<msg timestamp="20230105 15:25:05.265" level="FAIL">name=Truncating is working but rounding up is not---Relief Is 1979.595: 1979.59 != 1980.00</msg>
<status status="FAIL" starttime="20230105 15:25:05.264" endtime="20230105 15:25:05.265"/>
</kw>
<msg timestamp="20230105 15:25:05.265" level="WARN">Executing keyword 'should be equal' failed:
name=Truncating is working but rounding up is not---Relief Is 1979.595: 1979.59 != 1980.00</msg>
<status status="PASS" starttime="20230105 15:25:05.264" endtime="20230105 15:25:05.265"/>
</kw>
<kw name="POST On Session" library="RequestsLibrary">
<arg>mysession</arg>
<arg>${clear_db_url}</arg>
<doc>Sends a POST request on a previously created HTTP Session.</doc>
<msg timestamp="20230105 15:25:05.267" level="INFO">POST Request : url=http://localhost:8080/calculator/rakeDatabase 
 path_url=/calculator/rakeDatabase 
 headers={'User-Agent': 'python-requests/2.28.1', 'Accept-Encoding': 'gzip, deflate', 'Accept': '*/*', 'Connection': 'keep-alive', 'Content-Length': '0'} 
 body=None 
 </msg>
<msg timestamp="20230105 15:25:05.267" level="INFO">POST Response : url=http://localhost:8080/calculator/rakeDatabase 
 status=200, reason= 
 headers={'Content-Type': 'text/plain;charset=UTF-8', 'Content-Length': '21', 'Date': 'Thu, 05 Jan 2023 07:25:04 GMT'} 
 body=Successfully raked DB 
 </msg>
<status status="PASS" starttime="20230105 15:25:05.265" endtime="20230105 15:25:05.267"/>
</kw>
<status status="PASS" starttime="20230105 15:25:05.259" endtime="20230105 15:25:05.267"/>
</kw>
<kw name="POST On Session" library="RequestsLibrary" type="TEARDOWN">
<arg>mysession</arg>
<arg>${clear_db_url}</arg>
<doc>Sends a POST request on a previously created HTTP Session.</doc>
<msg timestamp="20230105 15:25:05.269" level="INFO">POST Request : url=http://localhost:8080/calculator/rakeDatabase 
 path_url=/calculator/rakeDatabase 
 headers={'User-Agent': 'python-requests/2.28.1', 'Accept-Encoding': 'gzip, deflate', 'Accept': '*/*', 'Connection': 'keep-alive', 'Content-Length': '0'} 
 body=None 
 </msg>
<msg timestamp="20230105 15:25:05.269" level="INFO">POST Response : url=http://localhost:8080/calculator/rakeDatabase 
 status=200, reason= 
 headers={'Content-Type': 'text/plain;charset=UTF-8', 'Content-Length': '21', 'Date': 'Thu, 05 Jan 2023 07:25:04 GMT'} 
 body=Successfully raked DB 
 </msg>
<status status="PASS" starttime="20230105 15:25:05.267" endtime="20230105 15:25:05.269"/>
</kw>
<status status="PASS" starttime="20230105 15:25:05.258" endtime="20230105 15:25:05.269"/>
</test>
<status status="FAIL" starttime="20230105 15:25:05.012" endtime="20230105 15:25:05.269"/>
</suite>
<suite id="s1-s5" name="UserStories5" source="C:\Users\dlimt\OneDrive\Desktop\For Toppan\TestCases\UserStories5.robot">
<test id="s1-s5-t1" name="Find button check is red-colored and text is Dispense Now" line="16">
<kw name="Open Browser" library="SeleniumLibrary">
<arg>browser=${browser}</arg>
<arg>url=${url}</arg>
<doc>Opens a new browser instance to the optional ``url``.</doc>
<msg timestamp="20230105 15:25:05.272" level="INFO">Opening browser 'chrome' to base url 'http://localhost:8080/'.</msg>
<status status="PASS" starttime="20230105 15:25:05.272" endtime="20230105 15:25:06.515"/>
</kw>
<kw name="Wait Until Element Is Visible" library="SeleniumLibrary">
<arg>${dispense-buttton}</arg>
<doc>Waits until the element ``locator`` is visible.</doc>
<status status="PASS" starttime="20230105 15:25:06.516" endtime="20230105 15:25:06.546"/>
</kw>
<kw name="Get WebElements" library="SeleniumLibrary">
<var>${elemets}</var>
<arg>${dispense-buttton}</arg>
<doc>Returns a list of WebElement objects matching the ``locator``.</doc>
<msg timestamp="20230105 15:25:06.549" level="INFO">${elemets} = [&lt;selenium.webdriver.remote.webelement.WebElement (session="d8fdcac79bb0a027d94334b1d10b47ff", element="793e9e4c-cf20-46f5-95e5-3e4532710ff3")&gt;]</msg>
<status status="PASS" starttime="20230105 15:25:06.546" endtime="20230105 15:25:06.549"/>
</kw>
<for flavor="IN">
<var>${elemet}</var>
<value>@{elemets}</value>
<iter>
<var name="${elemet}">&lt;selenium.webdriver.remote.webelement.WebElement (session="d8fdcac79bb0a027d94334b1d10b47ff", element="793e9e4c-cf20-46f5-95e5-3e4532710ff3")&gt;</var>
<kw name="Should Be Equal" library="BuiltIn">
<arg>${elemet.text}</arg>
<arg>Dispense Now</arg>
<doc>Fails if the given objects are unequal.</doc>
<status status="PASS" starttime="20230105 15:25:06.549" endtime="20230105 15:25:06.558"/>
</kw>
<status status="PASS" starttime="20230105 15:25:06.549" endtime="20230105 15:25:06.558"/>
</iter>
<status status="PASS" starttime="20230105 15:25:06.549" endtime="20230105 15:25:06.558"/>
</for>
<kw name="Close Browser" library="SeleniumLibrary" type="TEARDOWN">
<doc>Closes the current browser.</doc>
<status status="PASS" starttime="20230105 15:25:06.558" endtime="20230105 15:25:08.610"/>
</kw>
<status status="PASS" starttime="20230105 15:25:05.271" endtime="20230105 15:25:08.611"/>
</test>
<test id="s1-s5-t2" name="After clicking on the button" line="24">
<kw name="Open Browser" library="SeleniumLibrary">
<arg>browser=${browser}</arg>
<arg>url=${url}</arg>
<doc>Opens a new browser instance to the optional ``url``.</doc>
<msg timestamp="20230105 15:25:08.615" level="INFO">Opening browser 'chrome' to base url 'http://localhost:8080/'.</msg>
<status status="PASS" starttime="20230105 15:25:08.614" endtime="20230105 15:25:09.841"/>
</kw>
<kw name="Wait Until Element Is Visible" library="SeleniumLibrary">
<arg>${dispense-buttton}</arg>
<doc>Waits until the element ``locator`` is visible.</doc>
<status status="PASS" starttime="20230105 15:25:09.841" endtime="20230105 15:25:09.851"/>
</kw>
<kw name="Click Element" library="SeleniumLibrary">
<arg>${dispense-buttton}</arg>
<doc>Click the element identified by ``locator``.</doc>
<msg timestamp="20230105 15:25:09.852" level="INFO">Clicking element 'css:.btn.btn-danger.btn-block'.</msg>
<status status="PASS" starttime="20230105 15:25:09.851" endtime="20230105 15:25:09.950"/>
</kw>
<kw name="Wait Until Element Is Visible" library="SeleniumLibrary">
<arg>${display-msg}</arg>
<doc>Waits until the element ``locator`` is visible.</doc>
<status status="PASS" starttime="20230105 15:25:09.951" endtime="20230105 15:25:09.961"/>
</kw>
<kw name="Get WebElements" library="SeleniumLibrary">
<var>${elemets}</var>
<arg>${display-msg}</arg>
<doc>Returns a list of WebElement objects matching the ``locator``.</doc>
<msg timestamp="20230105 15:25:09.963" level="INFO">${elemets} = [&lt;selenium.webdriver.remote.webelement.WebElement (session="5a30696a81ac740fd62a8af5fec779f8", element="331c8a05-152e-46fb-ac46-0489b406229e")&gt;]</msg>
<status status="PASS" starttime="20230105 15:25:09.961" endtime="20230105 15:25:09.963"/>
</kw>
<for flavor="IN">
<var>${elemet}</var>
<value>@{elemets}</value>
<iter>
<var name="${elemet}">&lt;selenium.webdriver.remote.webelement.WebElement (session="5a30696a81ac740fd62a8af5fec779f8", element="331c8a05-152e-46fb-ac46-0489b406229e")&gt;</var>
<kw name="Should Be Equal" library="BuiltIn">
<arg>${elemet.text}</arg>
<arg>Cash dispensed</arg>
<doc>Fails if the given objects are unequal.</doc>
<status status="PASS" starttime="20230105 15:25:09.963" endtime="20230105 15:25:09.969"/>
</kw>
<status status="PASS" starttime="20230105 15:25:09.963" endtime="20230105 15:25:09.969"/>
</iter>
<status status="PASS" starttime="20230105 15:25:09.963" endtime="20230105 15:25:09.969"/>
</for>
<kw name="Close Browser" library="SeleniumLibrary" type="TEARDOWN">
<doc>Closes the current browser.</doc>
<status status="PASS" starttime="20230105 15:25:09.969" endtime="20230105 15:25:12.023"/>
</kw>
<status status="PASS" starttime="20230105 15:25:08.613" endtime="20230105 15:25:12.024"/>
</test>
<status status="PASS" starttime="20230105 15:25:05.270" endtime="20230105 15:25:12.025"/>
</suite>
<status status="FAIL" starttime="20230105 15:25:04.288" endtime="20230105 15:25:12.028"/>
</suite>
<statistics>
<total>
<stat pass="25" fail="16" skip="0">All Tests</stat>
</total>
<tag>
</tag>
<suite>
<stat pass="25" fail="16" skip="0" id="s1" name="UserStories1 &amp; UserStories2 &amp; UserStories3 &amp; UserStories4 &amp; UserStories5">UserStories1 &amp; UserStories2 &amp; UserStories3 &amp; UserStories4 &amp; UserStories5</stat>
<stat pass="7" fail="7" skip="0" id="s1-s1" name="UserStories1">UserStories1 &amp; UserStories2 &amp; UserStories3 &amp; UserStories4 &amp; UserStories5.UserStories1</stat>
<stat pass="9" fail="7" skip="0" id="s1-s2" name="UserStories2">UserStories1 &amp; UserStories2 &amp; UserStories3 &amp; UserStories4 &amp; UserStories5.UserStories2</stat>
<stat pass="0" fail="1" skip="0" id="s1-s3" name="UserStories3">UserStories1 &amp; UserStories2 &amp; UserStories3 &amp; UserStories4 &amp; UserStories5.UserStories3</stat>
<stat pass="7" fail="1" skip="0" id="s1-s4" name="UserStories4">UserStories1 &amp; UserStories2 &amp; UserStories3 &amp; UserStories4 &amp; UserStories5.UserStories4</stat>
<stat pass="2" fail="0" skip="0" id="s1-s5" name="UserStories5">UserStories1 &amp; UserStories2 &amp; UserStories3 &amp; UserStories4 &amp; UserStories5.UserStories5</stat>
</suite>
</statistics>
<errors>
<msg timestamp="20230105 15:25:05.047" level="WARN">Executing keyword 'should be equal' failed:
name=Rounding Up Error---Age 18 Male: 1989.55 != 1990.00</msg>
<msg timestamp="20230105 15:25:05.056" level="WARN">Executing keyword 'should be equal' failed:
name=Rounding Up Error---Age 19 Male: 1591.65 != 1592.00</msg>
<msg timestamp="20230105 15:25:05.064" level="WARN">Executing keyword 'should be equal' failed:
name=Rounding Up Error---Age 35 Male: 1591.65 != 1592.00</msg>
<msg timestamp="20230105 15:25:05.073" level="WARN">Executing keyword 'should be equal' failed:
name=Rounding Up Error---Age 36 Male: 994.78 != 995.00</msg>
<msg timestamp="20230105 15:25:05.082" level="WARN">Executing keyword 'should be equal' failed:
name=Rounding Up Error---Age 50 Male: 994.78 != 995.00</msg>
<msg timestamp="20230105 15:25:05.115" level="WARN">Executing keyword 'should be equal' failed:
name=Rounding Up Error---Age 18 Female: 2489.55 != 2490.00</msg>
<msg timestamp="20230105 15:25:05.123" level="WARN">Executing keyword 'should be equal' failed:
name=Rounding Up Error---Age 19 Female: 2091.65 != 2092.00</msg>
<msg timestamp="20230105 15:25:05.131" level="WARN">Executing keyword 'should be equal' failed:
name=Rounding Up Error---Age 35 Female: 2091.65 != 2092.00</msg>
<msg timestamp="20230105 15:25:05.141" level="WARN">Executing keyword 'should be equal' failed:
name=Rounding Up Error---Age 36 Female: 1494.78 != 1495.00</msg>
<msg timestamp="20230105 15:25:05.151" level="WARN">Executing keyword 'should be equal' failed:
name=Rounding Up Error---Age 50 Female: 1494.78 != 1495.00</msg>
<msg timestamp="20230105 15:25:05.210" level="WARN">Executing keyword 'should be equal' failed:
name=Error Relief is 0 but the final is 25.00---Relief is 0: 25 != 0</msg>
<msg timestamp="20230105 15:25:05.265" level="WARN">Executing keyword 'should be equal' failed:
name=Truncating is working but rounding up is not---Relief Is 1979.595: 1979.59 != 1980.00</msg>
</errors>
</robot>
